May 19, 2015 9:58:56 PM org.apache.jasper.servlet.JspServlet init
FINE: Scratch dir for the JSP engine is: /Users/ohjihyun/drat/deploy/tomcat/work/Catalina/localhost/pcs
May 19, 2015 9:58:56 PM org.apache.jasper.servlet.JspServlet init
FINE: IMPORTANT: Do not modify the generated servlets
May 19, 2015 9:59:58 PM org.apache.catalina.session.ManagerBase processExpires
FINE: Start expire sessions StandardManager at 1432097998122 sessioncount 0
May 19, 2015 9:59:58 PM org.apache.catalina.session.ManagerBase processExpires
FINE: End expire sessions StandardManager processingTime 0 expired sessions: 0
May 19, 2015 10:00:58 PM org.apache.catalina.session.ManagerBase processExpires
FINE: Start expire sessions StandardManager at 1432098058167 sessioncount 0
May 19, 2015 10:00:58 PM org.apache.catalina.session.ManagerBase processExpires
FINE: End expire sessions StandardManager processingTime 0 expired sessions: 0
May 19, 2015 10:01:58 PM org.apache.catalina.session.ManagerBase processExpires
FINE: Start expire sessions StandardManager at 1432098118205 sessioncount 0
May 19, 2015 10:01:58 PM org.apache.catalina.session.ManagerBase processExpires
FINE: End expire sessions StandardManager processingTime 0 expired sessions: 0
May 19, 2015 10:02:58 PM org.apache.catalina.session.ManagerBase processExpires
FINE: Start expire sessions StandardManager at 1432098178240 sessioncount 0
May 19, 2015 10:02:58 PM org.apache.catalina.session.ManagerBase processExpires
FINE: End expire sessions StandardManager processingTime 0 expired sessions: 0
May 19, 2015 10:03:58 PM org.apache.catalina.session.ManagerBase processExpires
FINE: Start expire sessions StandardManager at 1432098238276 sessioncount 0
May 19, 2015 10:03:58 PM org.apache.catalina.session.ManagerBase processExpires
FINE: End expire sessions StandardManager processingTime 0 expired sessions: 0
May 19, 2015 10:04:58 PM org.apache.catalina.session.ManagerBase processExpires
FINE: Start expire sessions StandardManager at 1432098298309 sessioncount 0
May 19, 2015 10:04:58 PM org.apache.catalina.session.ManagerBase processExpires
FINE: End expire sessions StandardManager processingTime 0 expired sessions: 0
May 19, 2015 10:05:58 PM org.apache.catalina.session.ManagerBase processExpires
FINE: Start expire sessions StandardManager at 1432098358342 sessioncount 0
May 19, 2015 10:05:58 PM org.apache.catalina.session.ManagerBase processExpires
FINE: End expire sessions StandardManager processingTime 0 expired sessions: 0
May 19, 2015 10:06:58 PM org.apache.catalina.session.ManagerBase processExpires
FINE: Start expire sessions StandardManager at 1432098418387 sessioncount 0
May 19, 2015 10:06:58 PM org.apache.catalina.session.ManagerBase processExpires
FINE: End expire sessions StandardManager processingTime 0 expired sessions: 0
May 19, 2015 10:07:58 PM org.apache.catalina.session.ManagerBase processExpires
FINE: Start expire sessions StandardManager at 1432098478420 sessioncount 0
May 19, 2015 10:07:58 PM org.apache.catalina.session.ManagerBase processExpires
FINE: End expire sessions StandardManager processingTime 0 expired sessions: 0
May 19, 2015 10:08:58 PM org.apache.catalina.session.ManagerBase processExpires
FINE: Start expire sessions StandardManager at 1432098538458 sessioncount 0
May 19, 2015 10:08:58 PM org.apache.catalina.session.ManagerBase processExpires
FINE: End expire sessions StandardManager processingTime 1 expired sessions: 0
May 19, 2015 10:09:58 PM org.apache.catalina.session.ManagerBase processExpires
FINE: Start expire sessions StandardManager at 1432098598486 sessioncount 0
May 19, 2015 10:09:58 PM org.apache.catalina.session.ManagerBase processExpires
FINE: End expire sessions StandardManager processingTime 0 expired sessions: 0
May 19, 2015 10:10:58 PM org.apache.catalina.session.ManagerBase processExpires
FINE: Start expire sessions StandardManager at 1432098658516 sessioncount 0
May 19, 2015 10:10:58 PM org.apache.catalina.session.ManagerBase processExpires
FINE: End expire sessions StandardManager processingTime 0 expired sessions: 0
May 19, 2015 10:11:58 PM org.apache.catalina.session.ManagerBase processExpires
FINE: Start expire sessions StandardManager at 1432098718544 sessioncount 0
May 19, 2015 10:11:58 PM org.apache.catalina.session.ManagerBase processExpires
FINE: End expire sessions StandardManager processingTime 0 expired sessions: 0
May 19, 2015 10:12:58 PM org.apache.catalina.session.ManagerBase processExpires
FINE: Start expire sessions StandardManager at 1432098778580 sessioncount 0
May 19, 2015 10:12:58 PM org.apache.catalina.session.ManagerBase processExpires
FINE: End expire sessions StandardManager processingTime 1 expired sessions: 0
May 19, 2015 10:13:58 PM org.apache.catalina.session.ManagerBase processExpires
FINE: Start expire sessions StandardManager at 1432098838615 sessioncount 0
May 19, 2015 10:13:58 PM org.apache.catalina.session.ManagerBase processExpires
FINE: End expire sessions StandardManager processingTime 0 expired sessions: 0
May 19, 2015 10:14:58 PM org.apache.catalina.session.ManagerBase processExpires
FINE: Start expire sessions StandardManager at 1432098898658 sessioncount 0
May 19, 2015 10:14:58 PM org.apache.catalina.session.ManagerBase processExpires
FINE: End expire sessions StandardManager processingTime 0 expired sessions: 0
May 19, 2015 10:15:58 PM org.apache.catalina.session.ManagerBase processExpires
FINE: Start expire sessions StandardManager at 1432098958694 sessioncount 0
May 19, 2015 10:15:58 PM org.apache.catalina.session.ManagerBase processExpires
FINE: End expire sessions StandardManager processingTime 1 expired sessions: 0
May 19, 2015 10:16:58 PM org.apache.catalina.session.ManagerBase processExpires
FINE: Start expire sessions StandardManager at 1432099018726 sessioncount 0
May 19, 2015 10:16:58 PM org.apache.catalina.session.ManagerBase processExpires
FINE: End expire sessions StandardManager processingTime 1 expired sessions: 0
May 19, 2015 10:17:58 PM org.apache.catalina.session.ManagerBase processExpires
FINE: Start expire sessions StandardManager at 1432099078761 sessioncount 0
May 19, 2015 10:17:58 PM org.apache.catalina.session.ManagerBase processExpires
FINE: End expire sessions StandardManager processingTime 0 expired sessions: 0
May 19, 2015 10:18:58 PM org.apache.catalina.session.ManagerBase processExpires
FINE: Start expire sessions StandardManager at 1432099138794 sessioncount 0
May 19, 2015 10:18:58 PM org.apache.catalina.session.ManagerBase processExpires
FINE: End expire sessions StandardManager processingTime 0 expired sessions: 0
May 19, 2015 10:19:58 PM org.apache.catalina.session.ManagerBase processExpires
FINE: Start expire sessions StandardManager at 1432099198829 sessioncount 0
May 19, 2015 10:19:58 PM org.apache.catalina.session.ManagerBase processExpires
FINE: End expire sessions StandardManager processingTime 0 expired sessions: 0
May 19, 2015 10:20:58 PM org.apache.catalina.session.ManagerBase processExpires
FINE: Start expire sessions StandardManager at 1432099258862 sessioncount 0
May 19, 2015 10:20:58 PM org.apache.catalina.session.ManagerBase processExpires
FINE: End expire sessions StandardManager processingTime 0 expired sessions: 0
May 19, 2015 10:21:58 PM org.apache.catalina.session.ManagerBase processExpires
FINE: Start expire sessions StandardManager at 1432099318888 sessioncount 0
May 19, 2015 10:21:58 PM org.apache.catalina.session.ManagerBase processExpires
FINE: End expire sessions StandardManager processingTime 0 expired sessions: 0
May 19, 2015 10:22:58 PM org.apache.catalina.session.ManagerBase processExpires
FINE: Start expire sessions StandardManager at 1432099378920 sessioncount 0
May 19, 2015 10:22:58 PM org.apache.catalina.session.ManagerBase processExpires
FINE: End expire sessions StandardManager processingTime 0 expired sessions: 0
May 19, 2015 10:23:58 PM org.apache.catalina.session.ManagerBase processExpires
FINE: Start expire sessions StandardManager at 1432099438946 sessioncount 0
May 19, 2015 10:23:58 PM org.apache.catalina.session.ManagerBase processExpires
FINE: End expire sessions StandardManager processingTime 1 expired sessions: 0
May 19, 2015 10:24:58 PM org.apache.catalina.session.ManagerBase processExpires
FINE: Start expire sessions StandardManager at 1432099498983 sessioncount 0
May 19, 2015 10:24:58 PM org.apache.catalina.session.ManagerBase processExpires
FINE: End expire sessions StandardManager processingTime 0 expired sessions: 0
May 19, 2015 10:25:59 PM org.apache.catalina.session.ManagerBase processExpires
FINE: Start expire sessions StandardManager at 1432099559018 sessioncount 0
May 19, 2015 10:25:59 PM org.apache.catalina.session.ManagerBase processExpires
FINE: End expire sessions StandardManager processingTime 0 expired sessions: 0
May 19, 2015 11:34:04 PM org.apache.catalina.session.ManagerBase processExpires
FINE: Start expire sessions StandardManager at 1432103644692 sessioncount 0
May 19, 2015 11:34:04 PM org.apache.catalina.session.ManagerBase processExpires
FINE: End expire sessions StandardManager processingTime 0 expired sessions: 0
May 19, 2015 11:35:04 PM org.apache.catalina.session.ManagerBase processExpires
FINE: Start expire sessions StandardManager at 1432103704726 sessioncount 0
May 19, 2015 11:35:04 PM org.apache.catalina.session.ManagerBase processExpires
FINE: End expire sessions StandardManager processingTime 0 expired sessions: 0
May 19, 2015 11:36:04 PM org.apache.catalina.session.ManagerBase processExpires
FINE: Start expire sessions StandardManager at 1432103764758 sessioncount 0
May 19, 2015 11:36:04 PM org.apache.catalina.session.ManagerBase processExpires
FINE: End expire sessions StandardManager processingTime 0 expired sessions: 0
May 19, 2015 11:37:04 PM org.apache.catalina.session.ManagerBase processExpires
FINE: Start expire sessions StandardManager at 1432103824787 sessioncount 0
May 19, 2015 11:37:04 PM org.apache.catalina.session.ManagerBase processExpires
FINE: End expire sessions StandardManager processingTime 0 expired sessions: 0
May 19, 2015 11:38:04 PM org.apache.catalina.session.ManagerBase processExpires
FINE: Start expire sessions StandardManager at 1432103884823 sessioncount 0
May 19, 2015 11:38:04 PM org.apache.catalina.session.ManagerBase processExpires
FINE: End expire sessions StandardManager processingTime 1 expired sessions: 0
May 19, 2015 11:39:04 PM org.apache.catalina.session.ManagerBase processExpires
FINE: Start expire sessions StandardManager at 1432103944854 sessioncount 0
May 19, 2015 11:39:04 PM org.apache.catalina.session.ManagerBase processExpires
FINE: End expire sessions StandardManager processingTime 0 expired sessions: 0
May 19, 2015 11:40:04 PM org.apache.catalina.session.ManagerBase processExpires
FINE: Start expire sessions StandardManager at 1432104004883 sessioncount 0
May 19, 2015 11:40:04 PM org.apache.catalina.session.ManagerBase processExpires
FINE: End expire sessions StandardManager processingTime 1 expired sessions: 0
May 19, 2015 11:41:04 PM org.apache.catalina.session.ManagerBase processExpires
FINE: Start expire sessions StandardManager at 1432104064920 sessioncount 0
May 19, 2015 11:41:04 PM org.apache.catalina.session.ManagerBase processExpires
FINE: End expire sessions StandardManager processingTime 0 expired sessions: 0
May 19, 2015 11:42:04 PM org.apache.catalina.session.ManagerBase processExpires
FINE: Start expire sessions StandardManager at 1432104124954 sessioncount 0
May 19, 2015 11:42:04 PM org.apache.catalina.session.ManagerBase processExpires
FINE: End expire sessions StandardManager processingTime 0 expired sessions: 0
May 19, 2015 11:43:04 PM org.apache.catalina.session.ManagerBase processExpires
FINE: Start expire sessions StandardManager at 1432104184997 sessioncount 0
May 19, 2015 11:43:04 PM org.apache.catalina.session.ManagerBase processExpires
FINE: End expire sessions StandardManager processingTime 0 expired sessions: 0
May 19, 2015 11:44:05 PM org.apache.catalina.session.ManagerBase processExpires
FINE: Start expire sessions StandardManager at 1432104245033 sessioncount 0
May 19, 2015 11:44:05 PM org.apache.catalina.session.ManagerBase processExpires
FINE: End expire sessions StandardManager processingTime 1 expired sessions: 0
May 19, 2015 11:45:05 PM org.apache.catalina.session.ManagerBase processExpires
FINE: Start expire sessions StandardManager at 1432104305065 sessioncount 0
May 19, 2015 11:45:05 PM org.apache.catalina.session.ManagerBase processExpires
FINE: End expire sessions StandardManager processingTime 0 expired sessions: 0
May 19, 2015 11:46:05 PM org.apache.catalina.session.ManagerBase processExpires
FINE: Start expire sessions StandardManager at 1432104365096 sessioncount 0
May 19, 2015 11:46:05 PM org.apache.catalina.session.ManagerBase processExpires
FINE: End expire sessions StandardManager processingTime 1 expired sessions: 0
May 19, 2015 11:47:05 PM org.apache.catalina.session.ManagerBase processExpires
FINE: Start expire sessions StandardManager at 1432104425136 sessioncount 0
May 19, 2015 11:47:05 PM org.apache.catalina.session.ManagerBase processExpires
FINE: End expire sessions StandardManager processingTime 0 expired sessions: 0
May 19, 2015 11:48:05 PM org.apache.catalina.session.ManagerBase processExpires
FINE: Start expire sessions StandardManager at 1432104485160 sessioncount 0
May 19, 2015 11:48:05 PM org.apache.catalina.session.ManagerBase processExpires
FINE: End expire sessions StandardManager processingTime 1 expired sessions: 0
May 19, 2015 11:49:05 PM org.apache.catalina.session.ManagerBase processExpires
FINE: Start expire sessions StandardManager at 1432104545194 sessioncount 0
May 19, 2015 11:49:05 PM org.apache.catalina.session.ManagerBase processExpires
FINE: End expire sessions StandardManager processingTime 0 expired sessions: 0
May 19, 2015 11:50:05 PM org.apache.catalina.session.ManagerBase processExpires
FINE: Start expire sessions StandardManager at 1432104605225 sessioncount 0
May 19, 2015 11:50:05 PM org.apache.catalina.session.ManagerBase processExpires
FINE: End expire sessions StandardManager processingTime 0 expired sessions: 0
May 19, 2015 11:51:05 PM org.apache.catalina.session.ManagerBase processExpires
FINE: Start expire sessions StandardManager at 1432104665257 sessioncount 0
May 19, 2015 11:51:05 PM org.apache.catalina.session.ManagerBase processExpires
FINE: End expire sessions StandardManager processingTime 0 expired sessions: 0
May 19, 2015 11:52:05 PM org.apache.catalina.session.ManagerBase processExpires
FINE: Start expire sessions StandardManager at 1432104725280 sessioncount 0
May 19, 2015 11:52:05 PM org.apache.catalina.session.ManagerBase processExpires
FINE: End expire sessions StandardManager processingTime 0 expired sessions: 0
May 19, 2015 11:53:05 PM org.apache.catalina.session.ManagerBase processExpires
FINE: Start expire sessions StandardManager at 1432104785314 sessioncount 0
May 19, 2015 11:53:05 PM org.apache.catalina.session.ManagerBase processExpires
FINE: End expire sessions StandardManager processingTime 1 expired sessions: 0
May 19, 2015 11:54:05 PM org.apache.catalina.session.ManagerBase processExpires
FINE: Start expire sessions StandardManager at 1432104845342 sessioncount 0
May 19, 2015 11:54:05 PM org.apache.catalina.session.ManagerBase processExpires
FINE: End expire sessions StandardManager processingTime 1 expired sessions: 0
May 19, 2015 11:55:05 PM org.apache.catalina.session.ManagerBase processExpires
FINE: Start expire sessions StandardManager at 1432104905367 sessioncount 0
May 19, 2015 11:55:05 PM org.apache.catalina.session.ManagerBase processExpires
FINE: End expire sessions StandardManager processingTime 1 expired sessions: 0
May 19, 2015 11:56:05 PM org.apache.catalina.session.ManagerBase processExpires
FINE: Start expire sessions StandardManager at 1432104965403 sessioncount 0
May 19, 2015 11:56:05 PM org.apache.catalina.session.ManagerBase processExpires
FINE: End expire sessions StandardManager processingTime 1 expired sessions: 0
May 19, 2015 11:57:05 PM org.apache.catalina.session.ManagerBase processExpires
FINE: Start expire sessions StandardManager at 1432105025430 sessioncount 0
May 19, 2015 11:57:05 PM org.apache.catalina.session.ManagerBase processExpires
FINE: End expire sessions StandardManager processingTime 1 expired sessions: 0
May 19, 2015 11:58:05 PM org.apache.catalina.session.ManagerBase processExpires
FINE: Start expire sessions StandardManager at 1432105085460 sessioncount 0
May 19, 2015 11:58:05 PM org.apache.catalina.session.ManagerBase processExpires
FINE: End expire sessions StandardManager processingTime 1 expired sessions: 0
May 19, 2015 11:59:05 PM org.apache.catalina.session.ManagerBase processExpires
FINE: Start expire sessions StandardManager at 1432105145499 sessioncount 0
May 19, 2015 11:59:05 PM org.apache.catalina.session.ManagerBase processExpires
FINE: End expire sessions StandardManager processingTime 2 expired sessions: 0
May 20, 2015 12:00:05 AM org.apache.catalina.session.ManagerBase processExpires
FINE: Start expire sessions StandardManager at 1432105205534 sessioncount 0
May 20, 2015 12:00:05 AM org.apache.catalina.session.ManagerBase processExpires
FINE: End expire sessions StandardManager processingTime 1 expired sessions: 0
May 20, 2015 12:01:05 AM org.apache.catalina.session.ManagerBase processExpires
FINE: Start expire sessions StandardManager at 1432105265563 sessioncount 0
May 20, 2015 12:01:05 AM org.apache.catalina.session.ManagerBase processExpires
FINE: End expire sessions StandardManager processingTime 2 expired sessions: 0
May 20, 2015 12:02:05 AM org.apache.catalina.session.ManagerBase processExpires
FINE: Start expire sessions StandardManager at 1432105325593 sessioncount 0
May 20, 2015 12:02:05 AM org.apache.catalina.session.ManagerBase processExpires
FINE: End expire sessions StandardManager processingTime 1 expired sessions: 0
May 20, 2015 9:34:33 AM org.apache.catalina.session.ManagerBase processExpires
FINE: Start expire sessions StandardManager at 1432139673911 sessioncount 0
May 20, 2015 9:34:33 AM org.apache.catalina.session.ManagerBase processExpires
FINE: End expire sessions StandardManager processingTime 12 expired sessions: 0
May 20, 2015 9:35:33 AM org.apache.catalina.session.ManagerBase processExpires
FINE: Start expire sessions StandardManager at 1432139733949 sessioncount 0
May 20, 2015 9:35:33 AM org.apache.catalina.session.ManagerBase processExpires
FINE: End expire sessions StandardManager processingTime 0 expired sessions: 0
May 20, 2015 9:36:33 AM org.apache.catalina.session.ManagerBase processExpires
FINE: Start expire sessions StandardManager at 1432139793979 sessioncount 0
May 20, 2015 9:36:33 AM org.apache.catalina.session.ManagerBase processExpires
FINE: End expire sessions StandardManager processingTime 1 expired sessions: 0
May 20, 2015 9:37:34 AM org.apache.catalina.session.ManagerBase processExpires
FINE: Start expire sessions StandardManager at 1432139854007 sessioncount 0
May 20, 2015 9:37:34 AM org.apache.catalina.session.ManagerBase processExpires
FINE: End expire sessions StandardManager processingTime 0 expired sessions: 0
May 20, 2015 9:38:34 AM org.apache.catalina.session.ManagerBase processExpires
FINE: Start expire sessions StandardManager at 1432139914041 sessioncount 0
May 20, 2015 9:38:34 AM org.apache.catalina.session.ManagerBase processExpires
FINE: End expire sessions StandardManager processingTime 1 expired sessions: 0
May 20, 2015 9:39:34 AM org.apache.catalina.session.ManagerBase processExpires
FINE: Start expire sessions StandardManager at 1432139974090 sessioncount 0
May 20, 2015 9:39:34 AM org.apache.catalina.session.ManagerBase processExpires
FINE: End expire sessions StandardManager processingTime 0 expired sessions: 0
May 20, 2015 9:40:34 AM org.apache.catalina.session.ManagerBase processExpires
FINE: Start expire sessions StandardManager at 1432140034128 sessioncount 0
May 20, 2015 9:40:34 AM org.apache.catalina.session.ManagerBase processExpires
FINE: End expire sessions StandardManager processingTime 0 expired sessions: 0
May 20, 2015 9:41:34 AM org.apache.catalina.session.ManagerBase processExpires
FINE: Start expire sessions StandardManager at 1432140094172 sessioncount 0
May 20, 2015 9:41:34 AM org.apache.catalina.session.ManagerBase processExpires
FINE: End expire sessions StandardManager processingTime 1 expired sessions: 0
