May 17, 2015 4:37:23 PM org.apache.catalina.core.AprLifecycleListener lifecycleEvent
INFO: The Apache Tomcat Native library which allows optimal performance in production environments was not found on the java.library.path: /Users/ohjihyun/Library/Java/Extensions:/Library/Java/Extensions:/Network/Library/Java/Extensions:/System/Library/Java/Extensions:/usr/lib/java:.
May 17, 2015 4:37:23 PM org.apache.coyote.http11.Http11BaseProtocol init
SEVERE: Error initializing endpoint
java.net.BindException: Address already in use:8080
	at org.apache.tomcat.util.net.PoolTcpEndpoint.initEndpoint(PoolTcpEndpoint.java:298)
	at org.apache.coyote.http11.Http11BaseProtocol.init(Http11BaseProtocol.java:139)
	at org.apache.catalina.connector.Connector.initialize(Connector.java:1017)
	at org.apache.catalina.core.StandardService.initialize(StandardService.java:578)
	at org.apache.catalina.core.StandardServer.initialize(StandardServer.java:782)
	at org.apache.catalina.startup.Catalina.load(Catalina.java:504)
	at org.apache.catalina.startup.Catalina.load(Catalina.java:524)
	at sun.reflect.NativeMethodAccessorImpl.invoke0(Native Method)
	at sun.reflect.NativeMethodAccessorImpl.invoke(NativeMethodAccessorImpl.java:57)
	at sun.reflect.DelegatingMethodAccessorImpl.invoke(DelegatingMethodAccessorImpl.java:43)
	at java.lang.reflect.Method.invoke(Method.java:606)
	at org.apache.catalina.startup.Bootstrap.load(Bootstrap.java:267)
	at org.apache.catalina.startup.Bootstrap.main(Bootstrap.java:432)

May 17, 2015 4:37:23 PM org.apache.catalina.startup.Catalina load
SEVERE: Catalina.start
LifecycleException:  Protocol handler initialization failed: java.net.BindException: Address already in use:8080
	at org.apache.catalina.connector.Connector.initialize(Connector.java:1019)
	at org.apache.catalina.core.StandardService.initialize(StandardService.java:578)
	at org.apache.catalina.core.StandardServer.initialize(StandardServer.java:782)
	at org.apache.catalina.startup.Catalina.load(Catalina.java:504)
	at org.apache.catalina.startup.Catalina.load(Catalina.java:524)
	at sun.reflect.NativeMethodAccessorImpl.invoke0(Native Method)
	at sun.reflect.NativeMethodAccessorImpl.invoke(NativeMethodAccessorImpl.java:57)
	at sun.reflect.DelegatingMethodAccessorImpl.invoke(DelegatingMethodAccessorImpl.java:43)
	at java.lang.reflect.Method.invoke(Method.java:606)
	at org.apache.catalina.startup.Bootstrap.load(Bootstrap.java:267)
	at org.apache.catalina.startup.Bootstrap.main(Bootstrap.java:432)

May 17, 2015 4:37:23 PM org.apache.catalina.startup.Catalina load
INFO: Initialization processed in 348 ms
May 17, 2015 4:37:23 PM org.apache.catalina.core.StandardService start
INFO: Starting service Catalina
May 17, 2015 4:37:23 PM org.apache.catalina.core.StandardEngine start
INFO: Starting Servlet Engine: Apache Tomcat/5.5.23
May 17, 2015 4:37:23 PM org.apache.catalina.core.StandardHost start
INFO: XML validation disabled
May 17, 2015 4:37:23 PM org.apache.catalina.core.StandardContext resourcesStart
SEVERE: Error starting static Resources
java.lang.IllegalArgumentException: Document base /Users/ohjihyun/drat/deploy/tomcat/server/webapps/host-manager does not exist or is not a readable directory
	at org.apache.naming.resources.FileDirContext.setDocBase(FileDirContext.java:141)
	at org.apache.catalina.core.StandardContext.resourcesStart(StandardContext.java:3855)
	at org.apache.catalina.core.StandardContext.start(StandardContext.java:4024)
	at org.apache.catalina.core.ContainerBase.addChildInternal(ContainerBase.java:760)
	at org.apache.catalina.core.ContainerBase.addChild(ContainerBase.java:740)
	at org.apache.catalina.core.StandardHost.addChild(StandardHost.java:544)
	at org.apache.catalina.startup.HostConfig.deployDescriptor(HostConfig.java:626)
	at org.apache.catalina.startup.HostConfig.deployDescriptors(HostConfig.java:553)
	at org.apache.catalina.startup.HostConfig.deployApps(HostConfig.java:488)
	at org.apache.catalina.startup.HostConfig.start(HostConfig.java:1138)
	at org.apache.catalina.startup.HostConfig.lifecycleEvent(HostConfig.java:311)
	at org.apache.catalina.util.LifecycleSupport.fireLifecycleEvent(LifecycleSupport.java:120)
	at org.apache.catalina.core.ContainerBase.start(ContainerBase.java:1022)
	at org.apache.catalina.core.StandardHost.start(StandardHost.java:736)
	at org.apache.catalina.core.ContainerBase.start(ContainerBase.java:1014)
	at org.apache.catalina.core.StandardEngine.start(StandardEngine.java:443)
	at org.apache.catalina.core.StandardService.start(StandardService.java:448)
	at org.apache.catalina.core.StandardServer.start(StandardServer.java:700)
	at org.apache.catalina.startup.Catalina.start(Catalina.java:552)
	at sun.reflect.NativeMethodAccessorImpl.invoke0(Native Method)
	at sun.reflect.NativeMethodAccessorImpl.invoke(NativeMethodAccessorImpl.java:57)
	at sun.reflect.DelegatingMethodAccessorImpl.invoke(DelegatingMethodAccessorImpl.java:43)
	at java.lang.reflect.Method.invoke(Method.java:606)
	at org.apache.catalina.startup.Bootstrap.start(Bootstrap.java:295)
	at org.apache.catalina.startup.Bootstrap.main(Bootstrap.java:433)

May 17, 2015 4:37:23 PM org.apache.catalina.core.StandardContext start
SEVERE: Error in resourceStart()
May 17, 2015 4:37:23 PM org.apache.catalina.core.StandardContext start
SEVERE: Error getConfigured
May 17, 2015 4:37:23 PM org.apache.catalina.core.StandardContext start
SEVERE: Context [/host-manager] startup failed due to previous errors
May 17, 2015 4:37:23 PM org.apache.catalina.core.StandardContext stop
INFO: Container org.apache.catalina.core.ContainerBase.[Catalina].[localhost].[/host-manager] has not been started
May 17, 2015 4:37:23 PM org.apache.catalina.core.StandardContext resourcesStart
SEVERE: Error starting static Resources
java.lang.IllegalArgumentException: Document base /Users/ohjihyun/drat/deploy/tomcat/server/webapps/manager does not exist or is not a readable directory
	at org.apache.naming.resources.FileDirContext.setDocBase(FileDirContext.java:141)
	at org.apache.catalina.core.StandardContext.resourcesStart(StandardContext.java:3855)
	at org.apache.catalina.core.StandardContext.start(StandardContext.java:4024)
	at org.apache.catalina.core.ContainerBase.addChildInternal(ContainerBase.java:760)
	at org.apache.catalina.core.ContainerBase.addChild(ContainerBase.java:740)
	at org.apache.catalina.core.StandardHost.addChild(StandardHost.java:544)
	at org.apache.catalina.startup.HostConfig.deployDescriptor(HostConfig.java:626)
	at org.apache.catalina.startup.HostConfig.deployDescriptors(HostConfig.java:553)
	at org.apache.catalina.startup.HostConfig.deployApps(HostConfig.java:488)
	at org.apache.catalina.startup.HostConfig.start(HostConfig.java:1138)
	at org.apache.catalina.startup.HostConfig.lifecycleEvent(HostConfig.java:311)
	at org.apache.catalina.util.LifecycleSupport.fireLifecycleEvent(LifecycleSupport.java:120)
	at org.apache.catalina.core.ContainerBase.start(ContainerBase.java:1022)
	at org.apache.catalina.core.StandardHost.start(StandardHost.java:736)
	at org.apache.catalina.core.ContainerBase.start(ContainerBase.java:1014)
	at org.apache.catalina.core.StandardEngine.start(StandardEngine.java:443)
	at org.apache.catalina.core.StandardService.start(StandardService.java:448)
	at org.apache.catalina.core.StandardServer.start(StandardServer.java:700)
	at org.apache.catalina.startup.Catalina.start(Catalina.java:552)
	at sun.reflect.NativeMethodAccessorImpl.invoke0(Native Method)
	at sun.reflect.NativeMethodAccessorImpl.invoke(NativeMethodAccessorImpl.java:57)
	at sun.reflect.DelegatingMethodAccessorImpl.invoke(DelegatingMethodAccessorImpl.java:43)
	at java.lang.reflect.Method.invoke(Method.java:606)
	at org.apache.catalina.startup.Bootstrap.start(Bootstrap.java:295)
	at org.apache.catalina.startup.Bootstrap.main(Bootstrap.java:433)

May 17, 2015 4:37:23 PM org.apache.catalina.core.StandardContext start
SEVERE: Error in resourceStart()
May 17, 2015 4:37:23 PM org.apache.catalina.core.StandardContext start
SEVERE: Error getConfigured
May 17, 2015 4:37:23 PM org.apache.catalina.core.StandardContext start
SEVERE: Context [/manager] startup failed due to previous errors
May 17, 2015 4:37:23 PM org.apache.catalina.core.StandardContext stop
INFO: Container org.apache.catalina.core.ContainerBase.[Catalina].[localhost].[/manager] has not been started
May 17, 2015 4:37:25 PM org.apache.solr.servlet.SolrDispatchFilter init
INFO: SolrDispatchFilter.init()
May 17, 2015 4:37:25 PM org.apache.solr.core.SolrResourceLoader locateSolrHome
INFO: Using JNDI solr.home: ../solr
May 17, 2015 4:37:25 PM org.apache.solr.core.CoreContainer$Initializer initialize
INFO: looking for solr.xml: /Users/ohjihyun/drat/deploy/bin/../solr/solr.xml
May 17, 2015 4:37:25 PM org.apache.solr.core.CoreContainer <init>
INFO: New CoreContainer 492609590
May 17, 2015 4:37:25 PM org.apache.solr.core.CoreContainer load
INFO: Loading CoreContainer using Solr Home: '../solr/'
May 17, 2015 4:37:25 PM org.apache.solr.core.SolrResourceLoader <init>
INFO: new SolrResourceLoader for directory: '../solr/'
May 17, 2015 4:37:25 PM org.apache.solr.handler.component.HttpShardHandlerFactory getParameter
INFO: Setting socketTimeout to: 0
May 17, 2015 4:37:25 PM org.apache.solr.handler.component.HttpShardHandlerFactory getParameter
INFO: Setting urlScheme to: http://
May 17, 2015 4:37:25 PM org.apache.solr.handler.component.HttpShardHandlerFactory getParameter
INFO: Setting connTimeout to: 0
May 17, 2015 4:37:25 PM org.apache.solr.handler.component.HttpShardHandlerFactory getParameter
INFO: Setting maxConnectionsPerHost to: 20
May 17, 2015 4:37:25 PM org.apache.solr.handler.component.HttpShardHandlerFactory getParameter
INFO: Setting corePoolSize to: 0
May 17, 2015 4:37:25 PM org.apache.solr.handler.component.HttpShardHandlerFactory getParameter
INFO: Setting maximumPoolSize to: 2147483647
May 17, 2015 4:37:25 PM org.apache.solr.handler.component.HttpShardHandlerFactory getParameter
INFO: Setting maxThreadIdleTime to: 5
May 17, 2015 4:37:25 PM org.apache.solr.handler.component.HttpShardHandlerFactory getParameter
INFO: Setting sizeOfQueue to: -1
May 17, 2015 4:37:25 PM org.apache.solr.handler.component.HttpShardHandlerFactory getParameter
INFO: Setting fairnessPolicy to: false
May 17, 2015 4:37:25 PM org.apache.solr.client.solrj.impl.HttpClientUtil createClient
INFO: Creating new http client, config:maxConnectionsPerHost=20&maxConnections=10000&socketTimeout=0&connTimeout=0&retry=false
May 17, 2015 4:37:26 PM org.apache.solr.core.CoreContainer load
INFO: Registering Log Listener
May 17, 2015 4:37:26 PM org.apache.solr.core.CoreContainer create
INFO: Creating SolrCore 'drat' using instanceDir: ../solr/drat
May 17, 2015 4:37:26 PM org.apache.solr.core.SolrResourceLoader <init>
INFO: new SolrResourceLoader for directory: '../solr/drat/'
May 17, 2015 4:37:26 PM org.apache.solr.core.SolrConfig initLibs
INFO: Adding specified lib dirs to ClassLoader
May 17, 2015 4:37:26 PM org.apache.solr.core.SolrConfig <init>
WARNING: <indexDefaults> and <mainIndex> configuration sections are deprecated and will fail for luceneMatchVersion=LUCENE_40 and later. Please use <indexConfig> instead.
May 17, 2015 4:37:26 PM org.apache.solr.core.SolrConfig <init>
INFO: Using Lucene MatchVersion: LUCENE_34
May 17, 2015 4:37:26 PM org.apache.solr.core.SolrConfig <init>
INFO: Loaded SolrConfig: solrconfig.xml
May 17, 2015 4:37:26 PM org.apache.solr.schema.IndexSchema readSchema
INFO: Reading Solr Schema
May 17, 2015 4:37:26 PM org.apache.solr.schema.IndexSchema readSchema
INFO: Schema name=example
May 17, 2015 4:37:26 PM org.apache.solr.schema.FieldTypePluginLoader parseConfiguredVersion
WARNING: WhitespaceTokenizerFactory is using deprecated LUCENE_34 emulation. You should at some point declare and reindex to at least 4.0, because 3.x emulation is deprecated and will be removed in 5.0
May 17, 2015 4:37:26 PM org.apache.solr.schema.FieldTypePluginLoader parseConfiguredVersion
WARNING: StandardTokenizerFactory is using deprecated LUCENE_34 emulation. You should at some point declare and reindex to at least 4.0, because 3.x emulation is deprecated and will be removed in 5.0
May 17, 2015 4:37:26 PM org.apache.solr.schema.FieldTypePluginLoader parseConfiguredVersion
WARNING: StopFilterFactory is using deprecated LUCENE_34 emulation. You should at some point declare and reindex to at least 4.0, because 3.x emulation is deprecated and will be removed in 5.0
May 17, 2015 4:37:26 PM org.apache.solr.schema.FieldTypePluginLoader parseConfiguredVersion
WARNING: SynonymFilterFactory is using deprecated LUCENE_34 emulation. You should at some point declare and reindex to at least 4.0, because 3.x emulation is deprecated and will be removed in 5.0
May 17, 2015 4:37:26 PM org.apache.solr.schema.FieldTypePluginLoader parseConfiguredVersion
WARNING: LowerCaseFilterFactory is using deprecated LUCENE_34 emulation. You should at some point declare and reindex to at least 4.0, because 3.x emulation is deprecated and will be removed in 5.0
May 17, 2015 4:37:26 PM org.apache.solr.schema.FieldTypePluginLoader parseConfiguredVersion
WARNING: StandardTokenizerFactory is using deprecated LUCENE_34 emulation. You should at some point declare and reindex to at least 4.0, because 3.x emulation is deprecated and will be removed in 5.0
May 17, 2015 4:37:26 PM org.apache.solr.schema.FieldTypePluginLoader parseConfiguredVersion
WARNING: StopFilterFactory is using deprecated LUCENE_34 emulation. You should at some point declare and reindex to at least 4.0, because 3.x emulation is deprecated and will be removed in 5.0
May 17, 2015 4:37:26 PM org.apache.solr.schema.FieldTypePluginLoader parseConfiguredVersion
WARNING: LowerCaseFilterFactory is using deprecated LUCENE_34 emulation. You should at some point declare and reindex to at least 4.0, because 3.x emulation is deprecated and will be removed in 5.0
May 17, 2015 4:37:26 PM org.apache.solr.schema.FieldTypePluginLoader parseConfiguredVersion
WARNING: StandardTokenizerFactory is using deprecated LUCENE_34 emulation. You should at some point declare and reindex to at least 4.0, because 3.x emulation is deprecated and will be removed in 5.0
May 17, 2015 4:37:26 PM org.apache.solr.schema.FieldTypePluginLoader parseConfiguredVersion
WARNING: SynonymFilterFactory is using deprecated LUCENE_34 emulation. You should at some point declare and reindex to at least 4.0, because 3.x emulation is deprecated and will be removed in 5.0
May 17, 2015 4:37:26 PM org.apache.solr.schema.FieldTypePluginLoader parseConfiguredVersion
WARNING: StopFilterFactory is using deprecated LUCENE_34 emulation. You should at some point declare and reindex to at least 4.0, because 3.x emulation is deprecated and will be removed in 5.0
May 17, 2015 4:37:26 PM org.apache.solr.schema.FieldTypePluginLoader parseConfiguredVersion
WARNING: LowerCaseFilterFactory is using deprecated LUCENE_34 emulation. You should at some point declare and reindex to at least 4.0, because 3.x emulation is deprecated and will be removed in 5.0
May 17, 2015 4:37:26 PM org.apache.solr.schema.FieldTypePluginLoader parseConfiguredVersion
WARNING: EnglishPossessiveFilterFactory is using deprecated LUCENE_34 emulation. You should at some point declare and reindex to at least 4.0, because 3.x emulation is deprecated and will be removed in 5.0
May 17, 2015 4:37:26 PM org.apache.solr.schema.FieldTypePluginLoader parseConfiguredVersion
WARNING: KeywordMarkerFilterFactory is using deprecated LUCENE_34 emulation. You should at some point declare and reindex to at least 4.0, because 3.x emulation is deprecated and will be removed in 5.0
May 17, 2015 4:37:26 PM org.apache.solr.schema.FieldTypePluginLoader parseConfiguredVersion
WARNING: PorterStemFilterFactory is using deprecated LUCENE_34 emulation. You should at some point declare and reindex to at least 4.0, because 3.x emulation is deprecated and will be removed in 5.0
May 17, 2015 4:37:26 PM org.apache.solr.schema.FieldTypePluginLoader parseConfiguredVersion
WARNING: StandardTokenizerFactory is using deprecated LUCENE_34 emulation. You should at some point declare and reindex to at least 4.0, because 3.x emulation is deprecated and will be removed in 5.0
May 17, 2015 4:37:26 PM org.apache.solr.schema.FieldTypePluginLoader parseConfiguredVersion
WARNING: StopFilterFactory is using deprecated LUCENE_34 emulation. You should at some point declare and reindex to at least 4.0, because 3.x emulation is deprecated and will be removed in 5.0
May 17, 2015 4:37:26 PM org.apache.solr.schema.FieldTypePluginLoader parseConfiguredVersion
WARNING: LowerCaseFilterFactory is using deprecated LUCENE_34 emulation. You should at some point declare and reindex to at least 4.0, because 3.x emulation is deprecated and will be removed in 5.0
May 17, 2015 4:37:26 PM org.apache.solr.schema.FieldTypePluginLoader parseConfiguredVersion
WARNING: EnglishPossessiveFilterFactory is using deprecated LUCENE_34 emulation. You should at some point declare and reindex to at least 4.0, because 3.x emulation is deprecated and will be removed in 5.0
May 17, 2015 4:37:26 PM org.apache.solr.schema.FieldTypePluginLoader parseConfiguredVersion
WARNING: KeywordMarkerFilterFactory is using deprecated LUCENE_34 emulation. You should at some point declare and reindex to at least 4.0, because 3.x emulation is deprecated and will be removed in 5.0
May 17, 2015 4:37:26 PM org.apache.solr.schema.FieldTypePluginLoader parseConfiguredVersion
WARNING: PorterStemFilterFactory is using deprecated LUCENE_34 emulation. You should at some point declare and reindex to at least 4.0, because 3.x emulation is deprecated and will be removed in 5.0
May 17, 2015 4:37:26 PM org.apache.solr.schema.FieldTypePluginLoader parseConfiguredVersion
WARNING: WhitespaceTokenizerFactory is using deprecated LUCENE_34 emulation. You should at some point declare and reindex to at least 4.0, because 3.x emulation is deprecated and will be removed in 5.0
May 17, 2015 4:37:26 PM org.apache.solr.schema.FieldTypePluginLoader parseConfiguredVersion
WARNING: SynonymFilterFactory is using deprecated LUCENE_34 emulation. You should at some point declare and reindex to at least 4.0, because 3.x emulation is deprecated and will be removed in 5.0
May 17, 2015 4:37:26 PM org.apache.solr.schema.FieldTypePluginLoader parseConfiguredVersion
WARNING: StopFilterFactory is using deprecated LUCENE_34 emulation. You should at some point declare and reindex to at least 4.0, because 3.x emulation is deprecated and will be removed in 5.0
May 17, 2015 4:37:26 PM org.apache.solr.schema.FieldTypePluginLoader parseConfiguredVersion
WARNING: WordDelimiterFilterFactory is using deprecated LUCENE_34 emulation. You should at some point declare and reindex to at least 4.0, because 3.x emulation is deprecated and will be removed in 5.0
May 17, 2015 4:37:26 PM org.apache.solr.schema.FieldTypePluginLoader parseConfiguredVersion
WARNING: LowerCaseFilterFactory is using deprecated LUCENE_34 emulation. You should at some point declare and reindex to at least 4.0, because 3.x emulation is deprecated and will be removed in 5.0
May 17, 2015 4:37:26 PM org.apache.solr.schema.FieldTypePluginLoader parseConfiguredVersion
WARNING: KeywordMarkerFilterFactory is using deprecated LUCENE_34 emulation. You should at some point declare and reindex to at least 4.0, because 3.x emulation is deprecated and will be removed in 5.0
May 17, 2015 4:37:26 PM org.apache.solr.schema.FieldTypePluginLoader parseConfiguredVersion
WARNING: PorterStemFilterFactory is using deprecated LUCENE_34 emulation. You should at some point declare and reindex to at least 4.0, because 3.x emulation is deprecated and will be removed in 5.0
May 17, 2015 4:37:26 PM org.apache.solr.schema.FieldTypePluginLoader parseConfiguredVersion
WARNING: WhitespaceTokenizerFactory is using deprecated LUCENE_34 emulation. You should at some point declare and reindex to at least 4.0, because 3.x emulation is deprecated and will be removed in 5.0
May 17, 2015 4:37:26 PM org.apache.solr.schema.FieldTypePluginLoader parseConfiguredVersion
WARNING: StopFilterFactory is using deprecated LUCENE_34 emulation. You should at some point declare and reindex to at least 4.0, because 3.x emulation is deprecated and will be removed in 5.0
May 17, 2015 4:37:26 PM org.apache.solr.schema.FieldTypePluginLoader parseConfiguredVersion
WARNING: WordDelimiterFilterFactory is using deprecated LUCENE_34 emulation. You should at some point declare and reindex to at least 4.0, because 3.x emulation is deprecated and will be removed in 5.0
May 17, 2015 4:37:26 PM org.apache.solr.schema.FieldTypePluginLoader parseConfiguredVersion
WARNING: LowerCaseFilterFactory is using deprecated LUCENE_34 emulation. You should at some point declare and reindex to at least 4.0, because 3.x emulation is deprecated and will be removed in 5.0
May 17, 2015 4:37:26 PM org.apache.solr.schema.FieldTypePluginLoader parseConfiguredVersion
WARNING: KeywordMarkerFilterFactory is using deprecated LUCENE_34 emulation. You should at some point declare and reindex to at least 4.0, because 3.x emulation is deprecated and will be removed in 5.0
May 17, 2015 4:37:26 PM org.apache.solr.schema.FieldTypePluginLoader parseConfiguredVersion
WARNING: PorterStemFilterFactory is using deprecated LUCENE_34 emulation. You should at some point declare and reindex to at least 4.0, because 3.x emulation is deprecated and will be removed in 5.0
May 17, 2015 4:37:26 PM org.apache.solr.schema.FieldTypePluginLoader parseConfiguredVersion
WARNING: WhitespaceTokenizerFactory is using deprecated LUCENE_34 emulation. You should at some point declare and reindex to at least 4.0, because 3.x emulation is deprecated and will be removed in 5.0
May 17, 2015 4:37:26 PM org.apache.solr.schema.FieldTypePluginLoader parseConfiguredVersion
WARNING: SynonymFilterFactory is using deprecated LUCENE_34 emulation. You should at some point declare and reindex to at least 4.0, because 3.x emulation is deprecated and will be removed in 5.0
May 17, 2015 4:37:26 PM org.apache.solr.schema.FieldTypePluginLoader parseConfiguredVersion
WARNING: StopFilterFactory is using deprecated LUCENE_34 emulation. You should at some point declare and reindex to at least 4.0, because 3.x emulation is deprecated and will be removed in 5.0
May 17, 2015 4:37:26 PM org.apache.solr.schema.FieldTypePluginLoader parseConfiguredVersion
WARNING: WordDelimiterFilterFactory is using deprecated LUCENE_34 emulation. You should at some point declare and reindex to at least 4.0, because 3.x emulation is deprecated and will be removed in 5.0
May 17, 2015 4:37:26 PM org.apache.solr.schema.FieldTypePluginLoader parseConfiguredVersion
WARNING: LowerCaseFilterFactory is using deprecated LUCENE_34 emulation. You should at some point declare and reindex to at least 4.0, because 3.x emulation is deprecated and will be removed in 5.0
May 17, 2015 4:37:26 PM org.apache.solr.schema.FieldTypePluginLoader parseConfiguredVersion
WARNING: KeywordMarkerFilterFactory is using deprecated LUCENE_34 emulation. You should at some point declare and reindex to at least 4.0, because 3.x emulation is deprecated and will be removed in 5.0
May 17, 2015 4:37:26 PM org.apache.solr.schema.FieldTypePluginLoader parseConfiguredVersion
WARNING: EnglishMinimalStemFilterFactory is using deprecated LUCENE_34 emulation. You should at some point declare and reindex to at least 4.0, because 3.x emulation is deprecated and will be removed in 5.0
May 17, 2015 4:37:26 PM org.apache.solr.schema.FieldTypePluginLoader parseConfiguredVersion
WARNING: RemoveDuplicatesTokenFilterFactory is using deprecated LUCENE_34 emulation. You should at some point declare and reindex to at least 4.0, because 3.x emulation is deprecated and will be removed in 5.0
May 17, 2015 4:37:26 PM org.apache.solr.schema.FieldTypePluginLoader parseConfiguredVersion
WARNING: StandardTokenizerFactory is using deprecated LUCENE_34 emulation. You should at some point declare and reindex to at least 4.0, because 3.x emulation is deprecated and will be removed in 5.0
May 17, 2015 4:37:26 PM org.apache.solr.schema.FieldTypePluginLoader parseConfiguredVersion
WARNING: SynonymFilterFactory is using deprecated LUCENE_34 emulation. You should at some point declare and reindex to at least 4.0, because 3.x emulation is deprecated and will be removed in 5.0
May 17, 2015 4:37:26 PM org.apache.solr.schema.FieldTypePluginLoader parseConfiguredVersion
WARNING: StopFilterFactory is using deprecated LUCENE_34 emulation. You should at some point declare and reindex to at least 4.0, because 3.x emulation is deprecated and will be removed in 5.0
May 17, 2015 4:37:26 PM org.apache.solr.schema.FieldTypePluginLoader parseConfiguredVersion
WARNING: LowerCaseFilterFactory is using deprecated LUCENE_34 emulation. You should at some point declare and reindex to at least 4.0, because 3.x emulation is deprecated and will be removed in 5.0
May 17, 2015 4:37:26 PM org.apache.solr.schema.FieldTypePluginLoader parseConfiguredVersion
WARNING: StandardTokenizerFactory is using deprecated LUCENE_34 emulation. You should at some point declare and reindex to at least 4.0, because 3.x emulation is deprecated and will be removed in 5.0
May 17, 2015 4:37:26 PM org.apache.solr.schema.FieldTypePluginLoader parseConfiguredVersion
WARNING: StopFilterFactory is using deprecated LUCENE_34 emulation. You should at some point declare and reindex to at least 4.0, because 3.x emulation is deprecated and will be removed in 5.0
May 17, 2015 4:37:26 PM org.apache.solr.schema.FieldTypePluginLoader parseConfiguredVersion
WARNING: LowerCaseFilterFactory is using deprecated LUCENE_34 emulation. You should at some point declare and reindex to at least 4.0, because 3.x emulation is deprecated and will be removed in 5.0
May 17, 2015 4:37:26 PM org.apache.solr.schema.FieldTypePluginLoader parseConfiguredVersion
WARNING: ReversedWildcardFilterFactory is using deprecated LUCENE_34 emulation. You should at some point declare and reindex to at least 4.0, because 3.x emulation is deprecated and will be removed in 5.0
May 17, 2015 4:37:26 PM org.apache.solr.schema.FieldTypePluginLoader parseConfiguredVersion
WARNING: KeywordTokenizerFactory is using deprecated LUCENE_34 emulation. You should at some point declare and reindex to at least 4.0, because 3.x emulation is deprecated and will be removed in 5.0
May 17, 2015 4:37:26 PM org.apache.solr.schema.FieldTypePluginLoader parseConfiguredVersion
WARNING: LowerCaseFilterFactory is using deprecated LUCENE_34 emulation. You should at some point declare and reindex to at least 4.0, because 3.x emulation is deprecated and will be removed in 5.0
May 17, 2015 4:37:26 PM org.apache.solr.schema.FieldTypePluginLoader parseConfiguredVersion
WARNING: TrimFilterFactory is using deprecated LUCENE_34 emulation. You should at some point declare and reindex to at least 4.0, because 3.x emulation is deprecated and will be removed in 5.0
May 17, 2015 4:37:26 PM org.apache.solr.schema.FieldTypePluginLoader parseConfiguredVersion
WARNING: PatternReplaceFilterFactory is using deprecated LUCENE_34 emulation. You should at some point declare and reindex to at least 4.0, because 3.x emulation is deprecated and will be removed in 5.0
May 17, 2015 4:37:26 PM org.apache.solr.schema.FieldTypePluginLoader parseConfiguredVersion
WARNING: StandardTokenizerFactory is using deprecated LUCENE_34 emulation. You should at some point declare and reindex to at least 4.0, because 3.x emulation is deprecated and will be removed in 5.0
May 17, 2015 4:37:26 PM org.apache.solr.schema.FieldTypePluginLoader parseConfiguredVersion
WARNING: DoubleMetaphoneFilterFactory is using deprecated LUCENE_34 emulation. You should at some point declare and reindex to at least 4.0, because 3.x emulation is deprecated and will be removed in 5.0
May 17, 2015 4:37:26 PM org.apache.solr.schema.FieldTypePluginLoader parseConfiguredVersion
WARNING: WhitespaceTokenizerFactory is using deprecated LUCENE_34 emulation. You should at some point declare and reindex to at least 4.0, because 3.x emulation is deprecated and will be removed in 5.0
May 17, 2015 4:37:26 PM org.apache.solr.schema.FieldTypePluginLoader parseConfiguredVersion
WARNING: DelimitedPayloadTokenFilterFactory is using deprecated LUCENE_34 emulation. You should at some point declare and reindex to at least 4.0, because 3.x emulation is deprecated and will be removed in 5.0
May 17, 2015 4:37:26 PM org.apache.solr.schema.FieldTypePluginLoader parseConfiguredVersion
WARNING: KeywordTokenizerFactory is using deprecated LUCENE_34 emulation. You should at some point declare and reindex to at least 4.0, because 3.x emulation is deprecated and will be removed in 5.0
May 17, 2015 4:37:26 PM org.apache.solr.schema.FieldTypePluginLoader parseConfiguredVersion
WARNING: LowerCaseFilterFactory is using deprecated LUCENE_34 emulation. You should at some point declare and reindex to at least 4.0, because 3.x emulation is deprecated and will be removed in 5.0
May 17, 2015 4:37:26 PM org.apache.solr.schema.FieldTypePluginLoader parseConfiguredVersion
WARNING: PathHierarchyTokenizerFactory is using deprecated LUCENE_34 emulation. You should at some point declare and reindex to at least 4.0, because 3.x emulation is deprecated and will be removed in 5.0
May 17, 2015 4:37:26 PM org.apache.solr.schema.IndexSchema readSchema
INFO: default search field in schema is text
May 17, 2015 4:37:26 PM org.apache.solr.schema.IndexSchema readSchema
INFO: query parser default operator is OR
May 17, 2015 4:37:26 PM org.apache.solr.schema.IndexSchema readSchema
INFO: unique key field: id
May 17, 2015 4:37:26 PM org.apache.solr.core.SolrCore initDirectoryFactory
INFO: solr.StandardDirectoryFactory
May 17, 2015 4:37:26 PM org.apache.solr.core.SolrCore <init>
INFO: [drat] Opening new SolrCore at ../solr/drat/, dataDir=/Users/ohjihyun/drat/deploy/solr/drat/data/
May 17, 2015 4:37:26 PM org.apache.solr.core.JmxMonitoredMap <init>
INFO: JMX monitoring is enabled. Adding Solr mbeans to JMX Server: com.sun.jmx.mbeanserver.JmxMBeanServer@254acc8e
May 17, 2015 4:37:26 PM org.apache.solr.core.SolrCore initListeners
INFO: [drat] Added SolrEventListener for newSearcher: org.apache.solr.core.QuerySenderListener{queries=[]}
May 17, 2015 4:37:26 PM org.apache.solr.core.SolrCore initListeners
INFO: [drat] Added SolrEventListener for firstSearcher: org.apache.solr.core.QuerySenderListener{queries=[{q=static firstSearcher warming in solrconfig.xml}]}
May 17, 2015 4:37:26 PM org.apache.solr.core.SolrCore initDirectoryFactory
INFO: solr.StandardDirectoryFactory
May 17, 2015 4:37:26 PM org.apache.solr.core.CachingDirectoryFactory get
INFO: return new directory for /Users/ohjihyun/drat/deploy/solr/drat/data forceNew: false
May 17, 2015 4:37:26 PM org.apache.solr.core.SolrCore getNewIndexDir
INFO: New index directory detected: old=null new=/Users/ohjihyun/drat/deploy/solr/drat/data/index/
May 17, 2015 4:37:26 PM org.apache.solr.core.SolrCore initIndex
WARNING: [drat] Solr index directory '/Users/ohjihyun/drat/deploy/solr/drat/data/index' doesn't exist. Creating new index...
May 17, 2015 4:37:26 PM org.apache.solr.core.CachingDirectoryFactory get
INFO: return new directory for /Users/ohjihyun/drat/deploy/solr/drat/data/index forceNew: false
May 17, 2015 4:37:26 PM org.apache.solr.core.SolrDeletionPolicy onCommit
INFO: SolrDeletionPolicy.onCommit: commits:num=1
	commit{dir=/Users/ohjihyun/drat/deploy/solr/drat/data/index,segFN=segments_1,generation=1,filenames=[segments_1]
May 17, 2015 4:37:26 PM org.apache.solr.core.SolrDeletionPolicy updateCommits
INFO: newest commit = 1[segments_1]
May 17, 2015 4:37:26 PM org.apache.solr.core.SolrCore initWriters
INFO: created xslt: solr.XSLTResponseWriter
May 17, 2015 4:37:26 PM org.apache.solr.response.XSLTResponseWriter init
INFO: xsltCacheLifetimeSeconds=5
May 17, 2015 4:37:26 PM org.apache.solr.core.RequestHandlers initHandlersFromConfig
INFO: created search: solr.SearchHandler
May 17, 2015 4:37:26 PM org.apache.solr.core.RequestHandlers initHandlersFromConfig
INFO: created /browse: solr.SearchHandler
May 17, 2015 4:37:26 PM org.apache.solr.core.RequestHandlers initHandlersFromConfig
INFO: created /update: solr.XmlUpdateRequestHandler
May 17, 2015 4:37:26 PM org.apache.solr.core.RequestHandlers initHandlersFromConfig
INFO: created /update/javabin: solr.BinaryUpdateRequestHandler
May 17, 2015 4:37:26 PM org.apache.solr.core.RequestHandlers initHandlersFromConfig
INFO: adding lazy requestHandler: solr.CSVRequestHandler
May 17, 2015 4:37:26 PM org.apache.solr.core.RequestHandlers initHandlersFromConfig
INFO: created /update/csv: solr.CSVRequestHandler
May 17, 2015 4:37:26 PM org.apache.solr.core.RequestHandlers initHandlersFromConfig
INFO: adding lazy requestHandler: solr.JsonUpdateRequestHandler
May 17, 2015 4:37:26 PM org.apache.solr.core.RequestHandlers initHandlersFromConfig
INFO: created /update/json: solr.JsonUpdateRequestHandler
May 17, 2015 4:37:26 PM org.apache.solr.core.RequestHandlers initHandlersFromConfig
INFO: adding lazy requestHandler: solr.extraction.ExtractingRequestHandler
May 17, 2015 4:37:26 PM org.apache.solr.core.RequestHandlers initHandlersFromConfig
INFO: created /update/extract: solr.extraction.ExtractingRequestHandler
May 17, 2015 4:37:26 PM org.apache.solr.core.RequestHandlers initHandlersFromConfig
INFO: adding lazy requestHandler: solr.XsltUpdateRequestHandler
May 17, 2015 4:37:26 PM org.apache.solr.core.RequestHandlers initHandlersFromConfig
INFO: created /update/xslt: solr.XsltUpdateRequestHandler
May 17, 2015 4:37:26 PM org.apache.solr.core.RequestHandlers initHandlersFromConfig
INFO: adding lazy requestHandler: solr.FieldAnalysisRequestHandler
May 17, 2015 4:37:26 PM org.apache.solr.core.RequestHandlers initHandlersFromConfig
INFO: created /analysis/field: solr.FieldAnalysisRequestHandler
May 17, 2015 4:37:26 PM org.apache.solr.core.RequestHandlers initHandlersFromConfig
INFO: adding lazy requestHandler: solr.DocumentAnalysisRequestHandler
May 17, 2015 4:37:26 PM org.apache.solr.core.RequestHandlers initHandlersFromConfig
INFO: created /analysis/document: solr.DocumentAnalysisRequestHandler
May 17, 2015 4:37:26 PM org.apache.solr.core.RequestHandlers initHandlersFromConfig
INFO: created /admin/: solr.admin.AdminHandlers
May 17, 2015 4:37:26 PM org.apache.solr.core.RequestHandlers initHandlersFromConfig
INFO: created /admin/ping: solr.PingRequestHandler
May 17, 2015 4:37:26 PM org.apache.solr.core.RequestHandlers initHandlersFromConfig
INFO: created /debug/dump: solr.DumpRequestHandler
May 17, 2015 4:37:26 PM org.apache.solr.core.RequestHandlers initHandlersFromConfig
INFO: adding lazy requestHandler: solr.SearchHandler
May 17, 2015 4:37:26 PM org.apache.solr.core.RequestHandlers initHandlersFromConfig
INFO: created /spell: solr.SearchHandler
May 17, 2015 4:37:26 PM org.apache.solr.core.RequestHandlers initHandlersFromConfig
INFO: adding lazy requestHandler: solr.SearchHandler
May 17, 2015 4:37:26 PM org.apache.solr.core.RequestHandlers initHandlersFromConfig
INFO: created tvrh: solr.SearchHandler
May 17, 2015 4:37:26 PM org.apache.solr.core.RequestHandlers initHandlersFromConfig
INFO: adding lazy requestHandler: solr.SearchHandler
May 17, 2015 4:37:26 PM org.apache.solr.core.RequestHandlers initHandlersFromConfig
INFO: created /terms: solr.SearchHandler
May 17, 2015 4:37:26 PM org.apache.solr.core.RequestHandlers initHandlersFromConfig
INFO: adding lazy requestHandler: solr.SearchHandler
May 17, 2015 4:37:26 PM org.apache.solr.core.RequestHandlers initHandlersFromConfig
INFO: created /elevate: solr.SearchHandler
May 17, 2015 4:37:26 PM org.apache.solr.handler.loader.XMLLoader init
INFO: xsltCacheLifetimeSeconds=60
May 17, 2015 4:37:26 PM org.apache.solr.handler.XmlUpdateRequestHandler init
WARNING: Using deprecated class: XmlUpdateRequestHandler -- replace with UpdateRequestHandler
May 17, 2015 4:37:26 PM org.apache.solr.handler.loader.XMLLoader init
INFO: xsltCacheLifetimeSeconds=60
May 17, 2015 4:37:26 PM org.apache.solr.handler.BinaryUpdateRequestHandler init
WARNING: Using deprecated class: BinaryUpdateRequestHandler -- replace with UpdateRequestHandler
May 17, 2015 4:37:26 PM org.apache.solr.search.SolrIndexSearcher <init>
INFO: Opening Searcher@46345501 main
May 17, 2015 4:37:26 PM org.apache.solr.update.CommitTracker <init>
INFO: Hard AutoCommit: disabled
May 17, 2015 4:37:26 PM org.apache.solr.update.CommitTracker <init>
INFO: Soft AutoCommit: disabled
May 17, 2015 4:37:26 PM org.apache.solr.handler.component.SpellCheckComponent inform
INFO: Initializing spell checkers
May 17, 2015 4:37:26 PM org.apache.solr.handler.component.SpellCheckComponent inform
INFO: No queryConverter defined, using default converter
May 17, 2015 4:37:26 PM org.apache.solr.handler.component.QueryElevationComponent inform
INFO: Loading QueryElevation from: /Users/ohjihyun/drat/deploy/bin/../solr/drat/conf/elevate.xml
May 17, 2015 4:37:26 PM org.apache.solr.core.QuerySenderListener newSearcher
INFO: QuerySenderListener sending requests to Searcher@46345501 main{StandardDirectoryReader(segments_1:1)}
May 17, 2015 4:37:26 PM org.apache.solr.core.CoreContainer registerCore
INFO: registering core: drat
May 17, 2015 4:37:26 PM org.apache.solr.servlet.SolrDispatchFilter init
INFO: user.dir=/Users/ohjihyun/drat/deploy/bin
May 17, 2015 4:37:26 PM org.apache.solr.servlet.SolrDispatchFilter init
INFO: SolrDispatchFilter.init() done
May 17, 2015 4:37:26 PM org.apache.coyote.http11.Http11BaseProtocol start
SEVERE: Error starting endpoint
java.net.BindException: Address already in use:8080
	at org.apache.tomcat.util.net.PoolTcpEndpoint.initEndpoint(PoolTcpEndpoint.java:298)
	at org.apache.tomcat.util.net.PoolTcpEndpoint.startEndpoint(PoolTcpEndpoint.java:313)
	at org.apache.coyote.http11.Http11BaseProtocol.start(Http11BaseProtocol.java:151)
	at org.apache.coyote.http11.Http11Protocol.start(Http11Protocol.java:76)
	at org.apache.catalina.connector.Connector.start(Connector.java:1090)
	at org.apache.catalina.core.StandardService.start(StandardService.java:457)
	at org.apache.catalina.core.StandardServer.start(StandardServer.java:700)
	at org.apache.catalina.startup.Catalina.start(Catalina.java:552)
	at sun.reflect.NativeMethodAccessorImpl.invoke0(Native Method)
	at sun.reflect.NativeMethodAccessorImpl.invoke(NativeMethodAccessorImpl.java:57)
	at sun.reflect.DelegatingMethodAccessorImpl.invoke(DelegatingMethodAccessorImpl.java:43)
	at java.lang.reflect.Method.invoke(Method.java:606)
	at org.apache.catalina.startup.Bootstrap.start(Bootstrap.java:295)
	at org.apache.catalina.startup.Bootstrap.main(Bootstrap.java:433)

May 17, 2015 4:37:26 PM org.apache.catalina.startup.Catalina start
SEVERE: Catalina.start: 
LifecycleException:  service.getName(): "Catalina";  Protocol handler start failed: java.net.BindException: Address already in use:8080
	at org.apache.catalina.connector.Connector.start(Connector.java:1097)
	at org.apache.catalina.core.StandardService.start(StandardService.java:457)
	at org.apache.catalina.core.StandardServer.start(StandardServer.java:700)
	at org.apache.catalina.startup.Catalina.start(Catalina.java:552)
	at sun.reflect.NativeMethodAccessorImpl.invoke0(Native Method)
	at sun.reflect.NativeMethodAccessorImpl.invoke(NativeMethodAccessorImpl.java:57)
	at sun.reflect.DelegatingMethodAccessorImpl.invoke(DelegatingMethodAccessorImpl.java:43)
	at java.lang.reflect.Method.invoke(Method.java:606)
	at org.apache.catalina.startup.Bootstrap.start(Bootstrap.java:295)
	at org.apache.catalina.startup.Bootstrap.main(Bootstrap.java:433)

May 17, 2015 4:37:26 PM org.apache.catalina.startup.Catalina start
INFO: Server startup in 3158 ms
May 17, 2015 4:37:26 PM org.apache.catalina.core.StandardServer await
SEVERE: StandardServer.await: create[8005]: 
java.net.BindException: Address already in use
	at java.net.PlainSocketImpl.socketBind(Native Method)
	at java.net.AbstractPlainSocketImpl.bind(AbstractPlainSocketImpl.java:376)
	at java.net.ServerSocket.bind(ServerSocket.java:376)
	at java.net.ServerSocket.<init>(ServerSocket.java:237)
	at org.apache.catalina.core.StandardServer.await(StandardServer.java:363)
	at org.apache.catalina.startup.Catalina.await(Catalina.java:616)
	at org.apache.catalina.startup.Catalina.start(Catalina.java:576)
	at sun.reflect.NativeMethodAccessorImpl.invoke0(Native Method)
	at sun.reflect.NativeMethodAccessorImpl.invoke(NativeMethodAccessorImpl.java:57)
	at sun.reflect.DelegatingMethodAccessorImpl.invoke(DelegatingMethodAccessorImpl.java:43)
	at java.lang.reflect.Method.invoke(Method.java:606)
	at org.apache.catalina.startup.Bootstrap.start(Bootstrap.java:295)
	at org.apache.catalina.startup.Bootstrap.main(Bootstrap.java:433)

May 17, 2015 4:37:26 PM org.apache.solr.core.SolrCore execute
INFO: [drat] webapp=null path=null params={event=firstSearcher&q=static+firstSearcher+warming+in+solrconfig.xml&distrib=false} hits=0 status=0 QTime=33 
May 17, 2015 4:37:26 PM org.apache.solr.core.QuerySenderListener newSearcher
INFO: QuerySenderListener done.
May 17, 2015 4:37:26 PM org.apache.solr.handler.component.SpellCheckComponent$SpellCheckerListener newSearcher
INFO: Loading spell index for spellchecker: default
May 17, 2015 4:37:26 PM org.apache.coyote.http11.Http11BaseProtocol pause
INFO: Pausing Coyote HTTP/1.1 on http-8080
May 17, 2015 4:37:26 PM org.apache.catalina.connector.Connector pause
SEVERE: Protocol handler pause failed
java.lang.NullPointerException
	at org.apache.jk.server.JkMain.pause(JkMain.java:679)
	at org.apache.jk.server.JkCoyoteHandler.pause(JkCoyoteHandler.java:163)
	at org.apache.catalina.connector.Connector.pause(Connector.java:1032)
	at org.apache.catalina.core.StandardService.stop(StandardService.java:489)
	at org.apache.catalina.core.StandardServer.stop(StandardServer.java:734)
	at org.apache.catalina.startup.Catalina.stop(Catalina.java:602)
	at org.apache.catalina.startup.Catalina$CatalinaShutdownHook.run(Catalina.java:645)

May 17, 2015 4:37:26 PM org.apache.solr.core.SolrCore registerSearcher
INFO: [drat] Registered new searcher Searcher@46345501 main{StandardDirectoryReader(segments_1:1)}
May 17, 2015 4:37:27 PM org.apache.catalina.core.StandardService stop
INFO: Stopping service Catalina
May 17, 2015 4:37:27 PM org.apache.solr.core.CoreContainer shutdown
INFO: Shutting down CoreContainer instance=492609590
May 17, 2015 4:37:27 PM org.apache.solr.core.SolrCore close
INFO: [drat]  CLOSING SolrCore org.apache.solr.core.SolrCore@2b4b2dd
May 17, 2015 4:37:27 PM org.apache.solr.update.DirectUpdateHandler2 close
INFO: closing DirectUpdateHandler2{commits=0,autocommits=0,soft autocommits=0,optimizes=0,rollbacks=0,expungeDeletes=0,docsPending=0,adds=0,deletesById=0,deletesByQuery=0,errors=0,cumulative_adds=0,cumulative_deletesById=0,cumulative_deletesByQuery=0,cumulative_errors=0}
May 17, 2015 4:37:27 PM org.apache.solr.update.SolrCoreState decrefSolrCoreState
INFO: Closing SolrCoreState
May 17, 2015 4:37:27 PM org.apache.solr.update.DefaultSolrCoreState closeIndexWriter
INFO: SolrCoreState ref count has reached 0 - closing IndexWriter
May 17, 2015 4:37:27 PM org.apache.solr.update.DefaultSolrCoreState closeIndexWriter
INFO: closing IndexWriter with IndexWriterCloser
May 17, 2015 4:37:27 PM org.apache.solr.core.SolrCore closeSearcher
INFO: [drat] Closing main searcher on request.
May 17, 2015 4:37:27 PM org.apache.solr.core.CachingDirectoryFactory close
INFO: Closing StandardDirectoryFactory - 2 directories currently being tracked
May 17, 2015 4:37:27 PM org.apache.solr.core.CachingDirectoryFactory closeCacheValue
INFO: looking to close /Users/ohjihyun/drat/deploy/solr/drat/data [CachedDir<<refCount=0;path=/Users/ohjihyun/drat/deploy/solr/drat/data;done=false>>]
May 17, 2015 4:37:27 PM org.apache.solr.core.CachingDirectoryFactory close
INFO: Closing directory: /Users/ohjihyun/drat/deploy/solr/drat/data
May 17, 2015 4:37:27 PM org.apache.solr.core.CachingDirectoryFactory closeCacheValue
INFO: looking to close /Users/ohjihyun/drat/deploy/solr/drat/data/index [CachedDir<<refCount=0;path=/Users/ohjihyun/drat/deploy/solr/drat/data/index;done=false>>]
May 17, 2015 4:37:27 PM org.apache.solr.core.CachingDirectoryFactory close
INFO: Closing directory: /Users/ohjihyun/drat/deploy/solr/drat/data/index
May 17, 2015 4:37:28 PM org.apache.catalina.connector.MapperListener destroy
WARNING: Error unregistering MBeanServerDelegate
java.lang.NullPointerException
	at org.apache.catalina.connector.MapperListener.destroy(MapperListener.java:162)
	at org.apache.catalina.connector.Connector.stop(Connector.java:1138)
	at org.apache.catalina.core.StandardService.stop(StandardService.java:519)
	at org.apache.catalina.core.StandardServer.stop(StandardServer.java:734)
	at org.apache.catalina.startup.Catalina.stop(Catalina.java:602)
	at org.apache.catalina.startup.Catalina$CatalinaShutdownHook.run(Catalina.java:645)

May 17, 2015 4:37:28 PM org.apache.coyote.http11.Http11BaseProtocol destroy
INFO: Stopping Coyote HTTP/1.1 on http-8080
May 17, 2015 4:37:28 PM org.apache.catalina.connector.Connector stop
SEVERE: Coyote connector has not been started
May 17, 2015 4:37:28 PM org.apache.catalina.core.AprLifecycleListener lifecycleEvent
INFO: Failed shutdown of Apache Portable Runtime
