May 17, 2015 4:37:23 PM org.apache.oodt.cas.filemgr.system.XmlRpcFileManager loadConfiguration
INFO: Loading File Manager Configuration Properties from: [/Users/ohjihyun/drat/deploy/filemgr/etc/filemgr.properties]
May 17, 2015 4:37:23 PM org.apache.oodt.cas.filemgr.repository.XMLRepositoryManager loadProductTypes
FINE: XMLRepositoryManager: found product type: [GenericFile]
May 17, 2015 4:37:23 PM org.apache.oodt.cas.filemgr.repository.XMLRepositoryManager loadProductTypes
FINE: XMLRepositoryManager: found product type: [LocationAwareProduct]
May 17, 2015 4:37:23 PM org.apache.oodt.cas.filemgr.repository.XMLRepositoryManager loadProductTypes
FINE: XMLRepositoryManager: found product type: [TraceableFile]
May 17, 2015 4:37:23 PM org.apache.oodt.cas.filemgr.repository.XMLRepositoryManager loadProductTypes
FINE: XMLRepositoryManager: found product type: [RatLog]
May 17, 2015 4:37:23 PM org.apache.oodt.cas.filemgr.repository.XMLRepositoryManager loadProductTypes
FINE: XMLRepositoryManager: found product type: [RatAggregateLog]
May 17, 2015 4:37:23 PM org.apache.oodt.cas.filemgr.system.XmlRpcFileManagerClient <init>
INFO: Loading File Manager Configuration Properties from: [/Users/ohjihyun/drat/deploy/filemgr/etc/filemgr.properties]
May 17, 2015 4:37:23 PM org.apache.oodt.cas.filemgr.datatransfer.LocalDataTransferer setFileManagerUrl
INFO: Local Data Transfer to: [http://localhost:9000] enabled
May 17, 2015 4:37:23 PM org.apache.oodt.cas.filemgr.system.XmlRpcFileManager <init>
INFO: File Manager started by ohjihyun
May 17, 2015 4:37:59 PM org.apache.oodt.cas.filemgr.system.XmlRpcFileManager runExtractors
INFO: Running Met Extractor: [org.apache.oodt.cas.filemgr.metadata.extractors.CoreMetExtractor] for product type: [GenericFile]
May 17, 2015 4:37:59 PM org.apache.oodt.cas.filemgr.system.XmlRpcFileManager runExtractors
INFO: Running Met Extractor: [org.apache.oodt.cas.filemgr.metadata.extractors.examples.MimeTypeExtractor] for product type: [GenericFile]
May 17, 2015 4:37:59 PM org.apache.oodt.cas.filemgr.system.XmlRpcFileManager runExtractors
INFO: Running Met Extractor: [org.apache.oodt.cas.filemgr.metadata.extractors.examples.FinalFileLocationExtractor] for product type: [GenericFile]
May 17, 2015 4:37:59 PM org.apache.oodt.cas.filemgr.versioning.InPlaceVersioner createDataStoreReferences
INFO: in-place ingestion at datastore path: file:/Users/ohjihyun/Desktop/GeoSoft/Paleo_code/RegEM/.DS_Store.which is the same as the product's origin: file:/Users/ohjihyun/Desktop/GeoSoft/Paleo_code/RegEM/.DS_Store
May 17, 2015 4:37:59 PM org.apache.oodt.cas.filemgr.catalog.LuceneCatalog toDoc
WARNING: No Metadata specified for product [.DS_Store] for required field [DataVersion]: Attempting to continue processing metadata
May 17, 2015 4:37:59 PM org.apache.oodt.cas.filemgr.catalog.LuceneCatalog toDoc
WARNING: No Metadata specified for product [.DS_Store] for required field [DataVersion]: Attempting to continue processing metadata
May 17, 2015 4:37:59 PM org.apache.oodt.cas.filemgr.system.XmlRpcFileManager runExtractors
INFO: Running Met Extractor: [org.apache.oodt.cas.filemgr.metadata.extractors.CoreMetExtractor] for product type: [GenericFile]
May 17, 2015 4:37:59 PM org.apache.oodt.cas.filemgr.system.XmlRpcFileManager runExtractors
INFO: Running Met Extractor: [org.apache.oodt.cas.filemgr.metadata.extractors.examples.MimeTypeExtractor] for product type: [GenericFile]
May 17, 2015 4:37:59 PM org.apache.oodt.cas.filemgr.system.XmlRpcFileManager runExtractors
INFO: Running Met Extractor: [org.apache.oodt.cas.filemgr.metadata.extractors.examples.FinalFileLocationExtractor] for product type: [GenericFile]
May 17, 2015 4:37:59 PM org.apache.oodt.cas.filemgr.versioning.InPlaceVersioner createDataStoreReferences
INFO: in-place ingestion at datastore path: file:/Users/ohjihyun/Desktop/GeoSoft/Paleo_code/RegEM/imputation/.DS_Store.which is the same as the product's origin: file:/Users/ohjihyun/Desktop/GeoSoft/Paleo_code/RegEM/imputation/.DS_Store
May 17, 2015 4:37:59 PM org.apache.oodt.cas.filemgr.catalog.LuceneCatalog toDoc
WARNING: No Metadata specified for product [.DS_Store] for required field [DataVersion]: Attempting to continue processing metadata
May 17, 2015 4:37:59 PM org.apache.oodt.cas.filemgr.catalog.LuceneCatalog toDoc
WARNING: No Metadata specified for product [.DS_Store] for required field [DataVersion]: Attempting to continue processing metadata
May 17, 2015 4:37:59 PM org.apache.oodt.cas.filemgr.system.XmlRpcFileManager runExtractors
INFO: Running Met Extractor: [org.apache.oodt.cas.filemgr.metadata.extractors.CoreMetExtractor] for product type: [GenericFile]
May 17, 2015 4:37:59 PM org.apache.oodt.cas.filemgr.system.XmlRpcFileManager runExtractors
INFO: Running Met Extractor: [org.apache.oodt.cas.filemgr.metadata.extractors.examples.MimeTypeExtractor] for product type: [GenericFile]
May 17, 2015 4:37:59 PM org.apache.oodt.cas.filemgr.system.XmlRpcFileManager runExtractors
INFO: Running Met Extractor: [org.apache.oodt.cas.filemgr.metadata.extractors.examples.FinalFileLocationExtractor] for product type: [GenericFile]
May 17, 2015 4:37:59 PM org.apache.oodt.cas.filemgr.versioning.InPlaceVersioner createDataStoreReferences
INFO: in-place ingestion at datastore path: file:/Users/ohjihyun/Desktop/GeoSoft/Paleo_code/RegEM/imputation/center.m.which is the same as the product's origin: file:/Users/ohjihyun/Desktop/GeoSoft/Paleo_code/RegEM/imputation/center.m
May 17, 2015 4:37:59 PM org.apache.oodt.cas.filemgr.catalog.LuceneCatalog toDoc
WARNING: No Metadata specified for product [center.m] for required field [DataVersion]: Attempting to continue processing metadata
May 17, 2015 4:37:59 PM org.apache.oodt.cas.filemgr.catalog.LuceneCatalog toDoc
WARNING: No Metadata specified for product [center.m] for required field [DataVersion]: Attempting to continue processing metadata
May 17, 2015 4:37:59 PM org.apache.oodt.cas.filemgr.system.XmlRpcFileManager runExtractors
INFO: Running Met Extractor: [org.apache.oodt.cas.filemgr.metadata.extractors.CoreMetExtractor] for product type: [GenericFile]
May 17, 2015 4:37:59 PM org.apache.oodt.cas.filemgr.system.XmlRpcFileManager runExtractors
INFO: Running Met Extractor: [org.apache.oodt.cas.filemgr.metadata.extractors.examples.MimeTypeExtractor] for product type: [GenericFile]
May 17, 2015 4:37:59 PM org.apache.oodt.cas.filemgr.system.XmlRpcFileManager runExtractors
INFO: Running Met Extractor: [org.apache.oodt.cas.filemgr.metadata.extractors.examples.FinalFileLocationExtractor] for product type: [GenericFile]
May 17, 2015 4:37:59 PM org.apache.oodt.cas.filemgr.versioning.InPlaceVersioner createDataStoreReferences
INFO: in-place ingestion at datastore path: file:/Users/ohjihyun/Desktop/GeoSoft/Paleo_code/RegEM/imputation/CHANGES.which is the same as the product's origin: file:/Users/ohjihyun/Desktop/GeoSoft/Paleo_code/RegEM/imputation/CHANGES
May 17, 2015 4:37:59 PM org.apache.oodt.cas.filemgr.catalog.LuceneCatalog toDoc
WARNING: No Metadata specified for product [CHANGES] for required field [DataVersion]: Attempting to continue processing metadata
May 17, 2015 4:37:59 PM org.apache.oodt.cas.filemgr.catalog.LuceneCatalog toDoc
WARNING: No Metadata specified for product [CHANGES] for required field [DataVersion]: Attempting to continue processing metadata
May 17, 2015 4:37:59 PM org.apache.oodt.cas.filemgr.system.XmlRpcFileManager runExtractors
INFO: Running Met Extractor: [org.apache.oodt.cas.filemgr.metadata.extractors.CoreMetExtractor] for product type: [GenericFile]
May 17, 2015 4:37:59 PM org.apache.oodt.cas.filemgr.system.XmlRpcFileManager runExtractors
INFO: Running Met Extractor: [org.apache.oodt.cas.filemgr.metadata.extractors.examples.MimeTypeExtractor] for product type: [GenericFile]
May 17, 2015 4:37:59 PM org.apache.oodt.cas.filemgr.system.XmlRpcFileManager runExtractors
INFO: Running Met Extractor: [org.apache.oodt.cas.filemgr.metadata.extractors.examples.FinalFileLocationExtractor] for product type: [GenericFile]
May 17, 2015 4:37:59 PM org.apache.oodt.cas.filemgr.versioning.InPlaceVersioner createDataStoreReferences
INFO: in-place ingestion at datastore path: file:/Users/ohjihyun/Desktop/GeoSoft/Paleo_code/RegEM/imputation/gcvfctn.m.which is the same as the product's origin: file:/Users/ohjihyun/Desktop/GeoSoft/Paleo_code/RegEM/imputation/gcvfctn.m
May 17, 2015 4:37:59 PM org.apache.oodt.cas.filemgr.catalog.LuceneCatalog toDoc
WARNING: No Metadata specified for product [gcvfctn.m] for required field [DataVersion]: Attempting to continue processing metadata
May 17, 2015 4:37:59 PM org.apache.oodt.cas.filemgr.catalog.LuceneCatalog toDoc
WARNING: No Metadata specified for product [gcvfctn.m] for required field [DataVersion]: Attempting to continue processing metadata
May 17, 2015 4:37:59 PM org.apache.oodt.cas.filemgr.system.XmlRpcFileManager runExtractors
INFO: Running Met Extractor: [org.apache.oodt.cas.filemgr.metadata.extractors.CoreMetExtractor] for product type: [GenericFile]
May 17, 2015 4:37:59 PM org.apache.oodt.cas.filemgr.system.XmlRpcFileManager runExtractors
INFO: Running Met Extractor: [org.apache.oodt.cas.filemgr.metadata.extractors.examples.MimeTypeExtractor] for product type: [GenericFile]
May 17, 2015 4:37:59 PM org.apache.oodt.cas.filemgr.system.XmlRpcFileManager runExtractors
INFO: Running Met Extractor: [org.apache.oodt.cas.filemgr.metadata.extractors.examples.FinalFileLocationExtractor] for product type: [GenericFile]
May 17, 2015 4:37:59 PM org.apache.oodt.cas.filemgr.versioning.InPlaceVersioner createDataStoreReferences
INFO: in-place ingestion at datastore path: file:/Users/ohjihyun/Desktop/GeoSoft/Paleo_code/RegEM/imputation/gcvridge.m.which is the same as the product's origin: file:/Users/ohjihyun/Desktop/GeoSoft/Paleo_code/RegEM/imputation/gcvridge.m
May 17, 2015 4:37:59 PM org.apache.oodt.cas.filemgr.catalog.LuceneCatalog toDoc
WARNING: No Metadata specified for product [gcvridge.m] for required field [DataVersion]: Attempting to continue processing metadata
May 17, 2015 4:37:59 PM org.apache.oodt.cas.filemgr.catalog.LuceneCatalog toDoc
WARNING: No Metadata specified for product [gcvridge.m] for required field [DataVersion]: Attempting to continue processing metadata
May 17, 2015 4:37:59 PM org.apache.oodt.cas.filemgr.system.XmlRpcFileManager runExtractors
INFO: Running Met Extractor: [org.apache.oodt.cas.filemgr.metadata.extractors.CoreMetExtractor] for product type: [GenericFile]
May 17, 2015 4:37:59 PM org.apache.oodt.cas.filemgr.system.XmlRpcFileManager runExtractors
INFO: Running Met Extractor: [org.apache.oodt.cas.filemgr.metadata.extractors.examples.MimeTypeExtractor] for product type: [GenericFile]
May 17, 2015 4:37:59 PM org.apache.oodt.cas.filemgr.system.XmlRpcFileManager runExtractors
INFO: Running Met Extractor: [org.apache.oodt.cas.filemgr.metadata.extractors.examples.FinalFileLocationExtractor] for product type: [GenericFile]
May 17, 2015 4:37:59 PM org.apache.oodt.cas.filemgr.versioning.InPlaceVersioner createDataStoreReferences
INFO: in-place ingestion at datastore path: file:/Users/ohjihyun/Desktop/GeoSoft/Paleo_code/RegEM/imputation/index.html.which is the same as the product's origin: file:/Users/ohjihyun/Desktop/GeoSoft/Paleo_code/RegEM/imputation/index.html
May 17, 2015 4:37:59 PM org.apache.oodt.cas.filemgr.catalog.LuceneCatalog toDoc
WARNING: No Metadata specified for product [index.html] for required field [DataVersion]: Attempting to continue processing metadata
May 17, 2015 4:37:59 PM org.apache.oodt.cas.filemgr.catalog.LuceneCatalog toDoc
WARNING: No Metadata specified for product [index.html] for required field [DataVersion]: Attempting to continue processing metadata
May 17, 2015 4:37:59 PM org.apache.oodt.cas.filemgr.system.XmlRpcFileManager runExtractors
INFO: Running Met Extractor: [org.apache.oodt.cas.filemgr.metadata.extractors.CoreMetExtractor] for product type: [GenericFile]
May 17, 2015 4:37:59 PM org.apache.oodt.cas.filemgr.system.XmlRpcFileManager runExtractors
INFO: Running Met Extractor: [org.apache.oodt.cas.filemgr.metadata.extractors.examples.MimeTypeExtractor] for product type: [GenericFile]
May 17, 2015 4:37:59 PM org.apache.oodt.cas.filemgr.system.XmlRpcFileManager runExtractors
INFO: Running Met Extractor: [org.apache.oodt.cas.filemgr.metadata.extractors.examples.FinalFileLocationExtractor] for product type: [GenericFile]
May 17, 2015 4:37:59 PM org.apache.oodt.cas.filemgr.versioning.InPlaceVersioner createDataStoreReferences
INFO: in-place ingestion at datastore path: file:/Users/ohjihyun/Desktop/GeoSoft/Paleo_code/RegEM/imputation/iridge.m.which is the same as the product's origin: file:/Users/ohjihyun/Desktop/GeoSoft/Paleo_code/RegEM/imputation/iridge.m
May 17, 2015 4:37:59 PM org.apache.oodt.cas.filemgr.catalog.LuceneCatalog toDoc
WARNING: No Metadata specified for product [iridge.m] for required field [DataVersion]: Attempting to continue processing metadata
May 17, 2015 4:37:59 PM org.apache.oodt.cas.filemgr.catalog.LuceneCatalog toDoc
WARNING: No Metadata specified for product [iridge.m] for required field [DataVersion]: Attempting to continue processing metadata
May 17, 2015 4:37:59 PM org.apache.oodt.cas.filemgr.system.XmlRpcFileManager runExtractors
INFO: Running Met Extractor: [org.apache.oodt.cas.filemgr.metadata.extractors.CoreMetExtractor] for product type: [GenericFile]
May 17, 2015 4:37:59 PM org.apache.oodt.cas.filemgr.system.XmlRpcFileManager runExtractors
INFO: Running Met Extractor: [org.apache.oodt.cas.filemgr.metadata.extractors.examples.MimeTypeExtractor] for product type: [GenericFile]
May 17, 2015 4:37:59 PM org.apache.oodt.cas.filemgr.system.XmlRpcFileManager runExtractors
INFO: Running Met Extractor: [org.apache.oodt.cas.filemgr.metadata.extractors.examples.FinalFileLocationExtractor] for product type: [GenericFile]
May 17, 2015 4:37:59 PM org.apache.oodt.cas.filemgr.versioning.InPlaceVersioner createDataStoreReferences
INFO: in-place ingestion at datastore path: file:/Users/ohjihyun/Desktop/GeoSoft/Paleo_code/RegEM/imputation/kcv_ttls.m.which is the same as the product's origin: file:/Users/ohjihyun/Desktop/GeoSoft/Paleo_code/RegEM/imputation/kcv_ttls.m
May 17, 2015 4:37:59 PM org.apache.oodt.cas.filemgr.catalog.LuceneCatalog toDoc
WARNING: No Metadata specified for product [kcv_ttls.m] for required field [DataVersion]: Attempting to continue processing metadata
May 17, 2015 4:37:59 PM org.apache.oodt.cas.filemgr.catalog.LuceneCatalog toDoc
WARNING: No Metadata specified for product [kcv_ttls.m] for required field [DataVersion]: Attempting to continue processing metadata
May 17, 2015 4:37:59 PM org.apache.oodt.cas.filemgr.system.XmlRpcFileManager runExtractors
INFO: Running Met Extractor: [org.apache.oodt.cas.filemgr.metadata.extractors.CoreMetExtractor] for product type: [GenericFile]
May 17, 2015 4:37:59 PM org.apache.oodt.cas.filemgr.system.XmlRpcFileManager runExtractors
INFO: Running Met Extractor: [org.apache.oodt.cas.filemgr.metadata.extractors.examples.MimeTypeExtractor] for product type: [GenericFile]
May 17, 2015 4:37:59 PM org.apache.oodt.cas.filemgr.system.XmlRpcFileManager runExtractors
INFO: Running Met Extractor: [org.apache.oodt.cas.filemgr.metadata.extractors.examples.FinalFileLocationExtractor] for product type: [GenericFile]
May 17, 2015 4:37:59 PM org.apache.oodt.cas.filemgr.versioning.InPlaceVersioner createDataStoreReferences
INFO: in-place ingestion at datastore path: file:/Users/ohjihyun/Desktop/GeoSoft/Paleo_code/RegEM/imputation/kcvindices.m.which is the same as the product's origin: file:/Users/ohjihyun/Desktop/GeoSoft/Paleo_code/RegEM/imputation/kcvindices.m
May 17, 2015 4:37:59 PM org.apache.oodt.cas.filemgr.catalog.LuceneCatalog toDoc
WARNING: No Metadata specified for product [kcvindices.m] for required field [DataVersion]: Attempting to continue processing metadata
May 17, 2015 4:37:59 PM org.apache.oodt.cas.filemgr.catalog.LuceneCatalog toDoc
WARNING: No Metadata specified for product [kcvindices.m] for required field [DataVersion]: Attempting to continue processing metadata
May 17, 2015 4:37:59 PM org.apache.oodt.cas.filemgr.system.XmlRpcFileManager runExtractors
INFO: Running Met Extractor: [org.apache.oodt.cas.filemgr.metadata.extractors.CoreMetExtractor] for product type: [GenericFile]
May 17, 2015 4:37:59 PM org.apache.oodt.cas.filemgr.system.XmlRpcFileManager runExtractors
INFO: Running Met Extractor: [org.apache.oodt.cas.filemgr.metadata.extractors.examples.MimeTypeExtractor] for product type: [GenericFile]
May 17, 2015 4:37:59 PM org.apache.oodt.cas.filemgr.system.XmlRpcFileManager runExtractors
INFO: Running Met Extractor: [org.apache.oodt.cas.filemgr.metadata.extractors.examples.FinalFileLocationExtractor] for product type: [GenericFile]
May 17, 2015 4:37:59 PM org.apache.oodt.cas.filemgr.versioning.InPlaceVersioner createDataStoreReferences
INFO: in-place ingestion at datastore path: file:/Users/ohjihyun/Desktop/GeoSoft/Paleo_code/RegEM/imputation/missingness_patterns.m.which is the same as the product's origin: file:/Users/ohjihyun/Desktop/GeoSoft/Paleo_code/RegEM/imputation/missingness_patterns.m
May 17, 2015 4:37:59 PM org.apache.oodt.cas.filemgr.catalog.LuceneCatalog toDoc
WARNING: No Metadata specified for product [missingness_patterns.m] for required field [DataVersion]: Attempting to continue processing metadata
May 17, 2015 4:37:59 PM org.apache.oodt.cas.filemgr.catalog.LuceneCatalog toDoc
WARNING: No Metadata specified for product [missingness_patterns.m] for required field [DataVersion]: Attempting to continue processing metadata
May 17, 2015 4:38:00 PM org.apache.oodt.cas.filemgr.system.XmlRpcFileManager runExtractors
INFO: Running Met Extractor: [org.apache.oodt.cas.filemgr.metadata.extractors.CoreMetExtractor] for product type: [GenericFile]
May 17, 2015 4:38:00 PM org.apache.oodt.cas.filemgr.system.XmlRpcFileManager runExtractors
INFO: Running Met Extractor: [org.apache.oodt.cas.filemgr.metadata.extractors.examples.MimeTypeExtractor] for product type: [GenericFile]
May 17, 2015 4:38:00 PM org.apache.oodt.cas.filemgr.system.XmlRpcFileManager runExtractors
INFO: Running Met Extractor: [org.apache.oodt.cas.filemgr.metadata.extractors.examples.FinalFileLocationExtractor] for product type: [GenericFile]
May 17, 2015 4:38:00 PM org.apache.oodt.cas.filemgr.versioning.InPlaceVersioner createDataStoreReferences
INFO: in-place ingestion at datastore path: file:/Users/ohjihyun/Desktop/GeoSoft/Paleo_code/RegEM/imputation/mridge.m.which is the same as the product's origin: file:/Users/ohjihyun/Desktop/GeoSoft/Paleo_code/RegEM/imputation/mridge.m
May 17, 2015 4:38:00 PM org.apache.oodt.cas.filemgr.catalog.LuceneCatalog toDoc
WARNING: No Metadata specified for product [mridge.m] for required field [DataVersion]: Attempting to continue processing metadata
May 17, 2015 4:38:00 PM org.apache.oodt.cas.filemgr.catalog.LuceneCatalog toDoc
WARNING: No Metadata specified for product [mridge.m] for required field [DataVersion]: Attempting to continue processing metadata
May 17, 2015 4:38:00 PM org.apache.oodt.cas.filemgr.system.XmlRpcFileManager runExtractors
INFO: Running Met Extractor: [org.apache.oodt.cas.filemgr.metadata.extractors.CoreMetExtractor] for product type: [GenericFile]
May 17, 2015 4:38:00 PM org.apache.oodt.cas.filemgr.system.XmlRpcFileManager runExtractors
INFO: Running Met Extractor: [org.apache.oodt.cas.filemgr.metadata.extractors.examples.MimeTypeExtractor] for product type: [GenericFile]
May 17, 2015 4:38:00 PM org.apache.oodt.cas.filemgr.system.XmlRpcFileManager runExtractors
INFO: Running Met Extractor: [org.apache.oodt.cas.filemgr.metadata.extractors.examples.FinalFileLocationExtractor] for product type: [GenericFile]
May 17, 2015 4:38:00 PM org.apache.oodt.cas.filemgr.versioning.InPlaceVersioner createDataStoreReferences
INFO: in-place ingestion at datastore path: file:/Users/ohjihyun/Desktop/GeoSoft/Paleo_code/RegEM/imputation/nancov.m.which is the same as the product's origin: file:/Users/ohjihyun/Desktop/GeoSoft/Paleo_code/RegEM/imputation/nancov.m
May 17, 2015 4:38:00 PM org.apache.oodt.cas.filemgr.catalog.LuceneCatalog toDoc
WARNING: No Metadata specified for product [nancov.m] for required field [DataVersion]: Attempting to continue processing metadata
May 17, 2015 4:38:00 PM org.apache.oodt.cas.filemgr.catalog.LuceneCatalog toDoc
WARNING: No Metadata specified for product [nancov.m] for required field [DataVersion]: Attempting to continue processing metadata
May 17, 2015 4:38:00 PM org.apache.oodt.cas.filemgr.system.XmlRpcFileManager runExtractors
INFO: Running Met Extractor: [org.apache.oodt.cas.filemgr.metadata.extractors.CoreMetExtractor] for product type: [GenericFile]
May 17, 2015 4:38:00 PM org.apache.oodt.cas.filemgr.system.XmlRpcFileManager runExtractors
INFO: Running Met Extractor: [org.apache.oodt.cas.filemgr.metadata.extractors.examples.MimeTypeExtractor] for product type: [GenericFile]
May 17, 2015 4:38:00 PM org.apache.oodt.cas.filemgr.system.XmlRpcFileManager runExtractors
INFO: Running Met Extractor: [org.apache.oodt.cas.filemgr.metadata.extractors.examples.FinalFileLocationExtractor] for product type: [GenericFile]
May 17, 2015 4:38:00 PM org.apache.oodt.cas.filemgr.versioning.InPlaceVersioner createDataStoreReferences
INFO: in-place ingestion at datastore path: file:/Users/ohjihyun/Desktop/GeoSoft/Paleo_code/RegEM/imputation/nanmean.m.which is the same as the product's origin: file:/Users/ohjihyun/Desktop/GeoSoft/Paleo_code/RegEM/imputation/nanmean.m
May 17, 2015 4:38:00 PM org.apache.oodt.cas.filemgr.catalog.LuceneCatalog toDoc
WARNING: No Metadata specified for product [nanmean.m] for required field [DataVersion]: Attempting to continue processing metadata
May 17, 2015 4:38:00 PM org.apache.oodt.cas.filemgr.catalog.LuceneCatalog toDoc
WARNING: No Metadata specified for product [nanmean.m] for required field [DataVersion]: Attempting to continue processing metadata
May 17, 2015 4:38:00 PM org.apache.oodt.cas.filemgr.system.XmlRpcFileManager runExtractors
INFO: Running Met Extractor: [org.apache.oodt.cas.filemgr.metadata.extractors.CoreMetExtractor] for product type: [GenericFile]
May 17, 2015 4:38:00 PM org.apache.oodt.cas.filemgr.system.XmlRpcFileManager runExtractors
INFO: Running Met Extractor: [org.apache.oodt.cas.filemgr.metadata.extractors.examples.MimeTypeExtractor] for product type: [GenericFile]
May 17, 2015 4:38:00 PM org.apache.oodt.cas.filemgr.system.XmlRpcFileManager runExtractors
INFO: Running Met Extractor: [org.apache.oodt.cas.filemgr.metadata.extractors.examples.FinalFileLocationExtractor] for product type: [GenericFile]
May 17, 2015 4:38:00 PM org.apache.oodt.cas.filemgr.versioning.InPlaceVersioner createDataStoreReferences
INFO: in-place ingestion at datastore path: file:/Users/ohjihyun/Desktop/GeoSoft/Paleo_code/RegEM/imputation/nanstd.m.which is the same as the product's origin: file:/Users/ohjihyun/Desktop/GeoSoft/Paleo_code/RegEM/imputation/nanstd.m
May 17, 2015 4:38:00 PM org.apache.oodt.cas.filemgr.catalog.LuceneCatalog toDoc
WARNING: No Metadata specified for product [nanstd.m] for required field [DataVersion]: Attempting to continue processing metadata
May 17, 2015 4:38:00 PM org.apache.oodt.cas.filemgr.catalog.LuceneCatalog toDoc
WARNING: No Metadata specified for product [nanstd.m] for required field [DataVersion]: Attempting to continue processing metadata
May 17, 2015 4:38:00 PM org.apache.oodt.cas.filemgr.system.XmlRpcFileManager runExtractors
INFO: Running Met Extractor: [org.apache.oodt.cas.filemgr.metadata.extractors.CoreMetExtractor] for product type: [GenericFile]
May 17, 2015 4:38:00 PM org.apache.oodt.cas.filemgr.system.XmlRpcFileManager runExtractors
INFO: Running Met Extractor: [org.apache.oodt.cas.filemgr.metadata.extractors.examples.MimeTypeExtractor] for product type: [GenericFile]
May 17, 2015 4:38:00 PM org.apache.oodt.cas.filemgr.system.XmlRpcFileManager runExtractors
INFO: Running Met Extractor: [org.apache.oodt.cas.filemgr.metadata.extractors.examples.FinalFileLocationExtractor] for product type: [GenericFile]
May 17, 2015 4:38:00 PM org.apache.oodt.cas.filemgr.versioning.InPlaceVersioner createDataStoreReferences
INFO: in-place ingestion at datastore path: file:/Users/ohjihyun/Desktop/GeoSoft/Paleo_code/RegEM/imputation/nansum.m.which is the same as the product's origin: file:/Users/ohjihyun/Desktop/GeoSoft/Paleo_code/RegEM/imputation/nansum.m
May 17, 2015 4:38:00 PM org.apache.oodt.cas.filemgr.catalog.LuceneCatalog toDoc
WARNING: No Metadata specified for product [nansum.m] for required field [DataVersion]: Attempting to continue processing metadata
May 17, 2015 4:38:00 PM org.apache.oodt.cas.filemgr.catalog.LuceneCatalog toDoc
WARNING: No Metadata specified for product [nansum.m] for required field [DataVersion]: Attempting to continue processing metadata
May 17, 2015 4:38:00 PM org.apache.oodt.cas.filemgr.system.XmlRpcFileManager runExtractors
INFO: Running Met Extractor: [org.apache.oodt.cas.filemgr.metadata.extractors.CoreMetExtractor] for product type: [GenericFile]
May 17, 2015 4:38:00 PM org.apache.oodt.cas.filemgr.system.XmlRpcFileManager runExtractors
INFO: Running Met Extractor: [org.apache.oodt.cas.filemgr.metadata.extractors.examples.MimeTypeExtractor] for product type: [GenericFile]
May 17, 2015 4:38:00 PM org.apache.oodt.cas.filemgr.system.XmlRpcFileManager runExtractors
INFO: Running Met Extractor: [org.apache.oodt.cas.filemgr.metadata.extractors.examples.FinalFileLocationExtractor] for product type: [GenericFile]
May 17, 2015 4:38:00 PM org.apache.oodt.cas.filemgr.versioning.InPlaceVersioner createDataStoreReferences
INFO: in-place ingestion at datastore path: file:/Users/ohjihyun/Desktop/GeoSoft/Paleo_code/RegEM/imputation/pca_truncation_criteria.m.which is the same as the product's origin: file:/Users/ohjihyun/Desktop/GeoSoft/Paleo_code/RegEM/imputation/pca_truncation_criteria.m
May 17, 2015 4:38:00 PM org.apache.oodt.cas.filemgr.catalog.LuceneCatalog toDoc
WARNING: No Metadata specified for product [pca_truncation_criteria.m] for required field [DataVersion]: Attempting to continue processing metadata
May 17, 2015 4:38:00 PM org.apache.oodt.cas.filemgr.catalog.LuceneCatalog toDoc
WARNING: No Metadata specified for product [pca_truncation_criteria.m] for required field [DataVersion]: Attempting to continue processing metadata
May 17, 2015 4:38:00 PM org.apache.oodt.cas.filemgr.system.XmlRpcFileManager runExtractors
INFO: Running Met Extractor: [org.apache.oodt.cas.filemgr.metadata.extractors.CoreMetExtractor] for product type: [GenericFile]
May 17, 2015 4:38:00 PM org.apache.oodt.cas.filemgr.system.XmlRpcFileManager runExtractors
INFO: Running Met Extractor: [org.apache.oodt.cas.filemgr.metadata.extractors.examples.MimeTypeExtractor] for product type: [GenericFile]
May 17, 2015 4:38:00 PM org.apache.oodt.cas.filemgr.system.XmlRpcFileManager runExtractors
INFO: Running Met Extractor: [org.apache.oodt.cas.filemgr.metadata.extractors.examples.FinalFileLocationExtractor] for product type: [GenericFile]
May 17, 2015 4:38:00 PM org.apache.oodt.cas.filemgr.versioning.InPlaceVersioner createDataStoreReferences
INFO: in-place ingestion at datastore path: file:/Users/ohjihyun/Desktop/GeoSoft/Paleo_code/RegEM/imputation/peigs.m.which is the same as the product's origin: file:/Users/ohjihyun/Desktop/GeoSoft/Paleo_code/RegEM/imputation/peigs.m
May 17, 2015 4:38:00 PM org.apache.oodt.cas.filemgr.catalog.LuceneCatalog toDoc
WARNING: No Metadata specified for product [peigs.m] for required field [DataVersion]: Attempting to continue processing metadata
May 17, 2015 4:38:00 PM org.apache.oodt.cas.filemgr.catalog.LuceneCatalog toDoc
WARNING: No Metadata specified for product [peigs.m] for required field [DataVersion]: Attempting to continue processing metadata
May 17, 2015 4:38:00 PM org.apache.oodt.cas.filemgr.system.XmlRpcFileManager runExtractors
INFO: Running Met Extractor: [org.apache.oodt.cas.filemgr.metadata.extractors.CoreMetExtractor] for product type: [GenericFile]
May 17, 2015 4:38:00 PM org.apache.oodt.cas.filemgr.system.XmlRpcFileManager runExtractors
INFO: Running Met Extractor: [org.apache.oodt.cas.filemgr.metadata.extractors.examples.MimeTypeExtractor] for product type: [GenericFile]
May 17, 2015 4:38:00 PM org.apache.oodt.cas.filemgr.system.XmlRpcFileManager runExtractors
INFO: Running Met Extractor: [org.apache.oodt.cas.filemgr.metadata.extractors.examples.FinalFileLocationExtractor] for product type: [GenericFile]
May 17, 2015 4:38:00 PM org.apache.oodt.cas.filemgr.versioning.InPlaceVersioner createDataStoreReferences
INFO: in-place ingestion at datastore path: file:/Users/ohjihyun/Desktop/GeoSoft/Paleo_code/RegEM/imputation/pttls.m.which is the same as the product's origin: file:/Users/ohjihyun/Desktop/GeoSoft/Paleo_code/RegEM/imputation/pttls.m
May 17, 2015 4:38:00 PM org.apache.oodt.cas.filemgr.catalog.LuceneCatalog toDoc
WARNING: No Metadata specified for product [pttls.m] for required field [DataVersion]: Attempting to continue processing metadata
May 17, 2015 4:38:00 PM org.apache.oodt.cas.filemgr.catalog.LuceneCatalog toDoc
WARNING: No Metadata specified for product [pttls.m] for required field [DataVersion]: Attempting to continue processing metadata
May 17, 2015 4:38:00 PM org.apache.oodt.cas.filemgr.system.XmlRpcFileManager runExtractors
INFO: Running Met Extractor: [org.apache.oodt.cas.filemgr.metadata.extractors.CoreMetExtractor] for product type: [GenericFile]
May 17, 2015 4:38:00 PM org.apache.oodt.cas.filemgr.system.XmlRpcFileManager runExtractors
INFO: Running Met Extractor: [org.apache.oodt.cas.filemgr.metadata.extractors.examples.MimeTypeExtractor] for product type: [GenericFile]
May 17, 2015 4:38:00 PM org.apache.oodt.cas.filemgr.system.XmlRpcFileManager runExtractors
INFO: Running Met Extractor: [org.apache.oodt.cas.filemgr.metadata.extractors.examples.FinalFileLocationExtractor] for product type: [GenericFile]
May 17, 2015 4:38:00 PM org.apache.oodt.cas.filemgr.versioning.InPlaceVersioner createDataStoreReferences
INFO: in-place ingestion at datastore path: file:/Users/ohjihyun/Desktop/GeoSoft/Paleo_code/RegEM/imputation/regem.m.which is the same as the product's origin: file:/Users/ohjihyun/Desktop/GeoSoft/Paleo_code/RegEM/imputation/regem.m
May 17, 2015 4:38:00 PM org.apache.oodt.cas.filemgr.catalog.LuceneCatalog toDoc
WARNING: No Metadata specified for product [regem.m] for required field [DataVersion]: Attempting to continue processing metadata
May 17, 2015 4:38:00 PM org.apache.oodt.cas.filemgr.catalog.LuceneCatalog toDoc
WARNING: No Metadata specified for product [regem.m] for required field [DataVersion]: Attempting to continue processing metadata
May 17, 2015 4:38:00 PM org.apache.oodt.cas.filemgr.system.XmlRpcFileManager runExtractors
INFO: Running Met Extractor: [org.apache.oodt.cas.filemgr.metadata.extractors.CoreMetExtractor] for product type: [GenericFile]
May 17, 2015 4:38:00 PM org.apache.oodt.cas.filemgr.system.XmlRpcFileManager runExtractors
INFO: Running Met Extractor: [org.apache.oodt.cas.filemgr.metadata.extractors.examples.MimeTypeExtractor] for product type: [GenericFile]
May 17, 2015 4:38:00 PM org.apache.oodt.cas.filemgr.system.XmlRpcFileManager runExtractors
INFO: Running Met Extractor: [org.apache.oodt.cas.filemgr.metadata.extractors.examples.FinalFileLocationExtractor] for product type: [GenericFile]
May 17, 2015 4:38:00 PM org.apache.oodt.cas.filemgr.versioning.InPlaceVersioner createDataStoreReferences
INFO: in-place ingestion at datastore path: file:/Users/ohjihyun/Desktop/GeoSoft/Paleo_code/RegEM/imputation/rescale.m.which is the same as the product's origin: file:/Users/ohjihyun/Desktop/GeoSoft/Paleo_code/RegEM/imputation/rescale.m
May 17, 2015 4:38:00 PM org.apache.oodt.cas.filemgr.catalog.LuceneCatalog toDoc
WARNING: No Metadata specified for product [rescale.m] for required field [DataVersion]: Attempting to continue processing metadata
May 17, 2015 4:38:00 PM org.apache.oodt.cas.filemgr.catalog.LuceneCatalog toDoc
WARNING: No Metadata specified for product [rescale.m] for required field [DataVersion]: Attempting to continue processing metadata
May 17, 2015 4:38:00 PM org.apache.oodt.cas.filemgr.system.XmlRpcFileManager runExtractors
INFO: Running Met Extractor: [org.apache.oodt.cas.filemgr.metadata.extractors.CoreMetExtractor] for product type: [GenericFile]
May 17, 2015 4:38:00 PM org.apache.oodt.cas.filemgr.system.XmlRpcFileManager runExtractors
INFO: Running Met Extractor: [org.apache.oodt.cas.filemgr.metadata.extractors.examples.MimeTypeExtractor] for product type: [GenericFile]
May 17, 2015 4:38:00 PM org.apache.oodt.cas.filemgr.system.XmlRpcFileManager runExtractors
INFO: Running Met Extractor: [org.apache.oodt.cas.filemgr.metadata.extractors.examples.FinalFileLocationExtractor] for product type: [GenericFile]
May 17, 2015 4:38:00 PM org.apache.oodt.cas.filemgr.versioning.InPlaceVersioner createDataStoreReferences
INFO: in-place ingestion at datastore path: file:/Users/ohjihyun/Desktop/GeoSoft/Paleo_code/RegEM/imputation/standardize.m.which is the same as the product's origin: file:/Users/ohjihyun/Desktop/GeoSoft/Paleo_code/RegEM/imputation/standardize.m
May 17, 2015 4:38:00 PM org.apache.oodt.cas.filemgr.catalog.LuceneCatalog toDoc
WARNING: No Metadata specified for product [standardize.m] for required field [DataVersion]: Attempting to continue processing metadata
May 17, 2015 4:38:00 PM org.apache.oodt.cas.filemgr.catalog.LuceneCatalog toDoc
WARNING: No Metadata specified for product [standardize.m] for required field [DataVersion]: Attempting to continue processing metadata
May 17, 2015 4:38:00 PM org.apache.oodt.cas.filemgr.system.XmlRpcFileManager runExtractors
INFO: Running Met Extractor: [org.apache.oodt.cas.filemgr.metadata.extractors.CoreMetExtractor] for product type: [GenericFile]
May 17, 2015 4:38:00 PM org.apache.oodt.cas.filemgr.system.XmlRpcFileManager runExtractors
INFO: Running Met Extractor: [org.apache.oodt.cas.filemgr.metadata.extractors.examples.MimeTypeExtractor] for product type: [GenericFile]
May 17, 2015 4:38:00 PM org.apache.oodt.cas.filemgr.system.XmlRpcFileManager runExtractors
INFO: Running Met Extractor: [org.apache.oodt.cas.filemgr.metadata.extractors.examples.FinalFileLocationExtractor] for product type: [GenericFile]
May 17, 2015 4:38:00 PM org.apache.oodt.cas.filemgr.versioning.InPlaceVersioner createDataStoreReferences
INFO: in-place ingestion at datastore path: file:/Users/ohjihyun/Desktop/GeoSoft/Paleo_code/RegEM/drat_archive/rataggregate/rat_aggregate_stats_1431635496439.csv.which is the same as the product's origin: file:/Users/ohjihyun/Desktop/GeoSoft/Paleo_code/RegEM/drat_archive/rataggregate/rat_aggregate_stats_1431635496439.csv
May 17, 2015 4:38:00 PM org.apache.oodt.cas.filemgr.catalog.LuceneCatalog toDoc
WARNING: No Metadata specified for product [rat_aggregate_stats_1431635496439.csv] for required field [DataVersion]: Attempting to continue processing metadata
May 17, 2015 4:38:00 PM org.apache.oodt.cas.filemgr.catalog.LuceneCatalog toDoc
WARNING: No Metadata specified for product [rat_aggregate_stats_1431635496439.csv] for required field [DataVersion]: Attempting to continue processing metadata
May 17, 2015 4:38:00 PM org.apache.oodt.cas.filemgr.system.XmlRpcFileManager runExtractors
INFO: Running Met Extractor: [org.apache.oodt.cas.filemgr.metadata.extractors.CoreMetExtractor] for product type: [GenericFile]
May 17, 2015 4:38:00 PM org.apache.oodt.cas.filemgr.system.XmlRpcFileManager runExtractors
INFO: Running Met Extractor: [org.apache.oodt.cas.filemgr.metadata.extractors.examples.MimeTypeExtractor] for product type: [GenericFile]
May 17, 2015 4:38:00 PM org.apache.oodt.cas.filemgr.system.XmlRpcFileManager runExtractors
INFO: Running Met Extractor: [org.apache.oodt.cas.filemgr.metadata.extractors.examples.FinalFileLocationExtractor] for product type: [GenericFile]
May 17, 2015 4:38:00 PM org.apache.oodt.cas.filemgr.versioning.InPlaceVersioner createDataStoreReferences
INFO: in-place ingestion at datastore path: file:/Users/ohjihyun/Desktop/GeoSoft/Paleo_code/RegEM/drat_archive/rat/html/rat_html_1431635491303.log.which is the same as the product's origin: file:/Users/ohjihyun/Desktop/GeoSoft/Paleo_code/RegEM/drat_archive/rat/html/rat_html_1431635491303.log
May 17, 2015 4:38:00 PM org.apache.oodt.cas.filemgr.catalog.LuceneCatalog toDoc
WARNING: No Metadata specified for product [rat_html_1431635491303.log] for required field [DataVersion]: Attempting to continue processing metadata
May 17, 2015 4:38:00 PM org.apache.oodt.cas.filemgr.catalog.LuceneCatalog toDoc
WARNING: No Metadata specified for product [rat_html_1431635491303.log] for required field [DataVersion]: Attempting to continue processing metadata
May 17, 2015 4:38:03 PM org.apache.oodt.cas.filemgr.catalog.LuceneCatalog paginateQuery
WARNING: Query: [q=] for Product Type: [urn:drat:RatLog] returned no results
May 17, 2015 4:38:03 PM org.apache.oodt.cas.filemgr.system.XmlRpcFileManager getFirstPage
WARNING: Unable to set product types for product page list: [null]
May 17, 2015 4:38:03 PM org.apache.oodt.cas.filemgr.catalog.LuceneCatalog paginateQuery
WARNING: Query: [q=] for Product Type: [urn:oodt:TraceableFile] returned no results
May 17, 2015 4:38:03 PM org.apache.oodt.cas.filemgr.system.XmlRpcFileManager getFirstPage
WARNING: Unable to set product types for product page list: [null]
May 17, 2015 4:38:03 PM org.apache.oodt.cas.filemgr.catalog.LuceneCatalog paginateQuery
WARNING: Query: [q=] for Product Type: [urn:drat:RatAggregateLog] returned no results
May 17, 2015 4:38:03 PM org.apache.oodt.cas.filemgr.system.XmlRpcFileManager getFirstPage
WARNING: Unable to set product types for product page list: [null]
May 17, 2015 4:38:04 PM org.apache.oodt.cas.filemgr.catalog.LuceneCatalog paginateQuery
WARNING: Query: [q=] for Product Type: [urn:oodt:LocationAwareProduct] returned no results
May 17, 2015 4:38:04 PM org.apache.oodt.cas.filemgr.system.XmlRpcFileManager getFirstPage
WARNING: Unable to set product types for product page list: [null]
May 17, 2015 4:38:13 PM org.apache.oodt.cas.filemgr.catalog.LuceneCatalog paginateQuery
WARNING: Query: [q=] for Product Type: [urn:drat:RatLog] returned no results
May 19, 2015 9:58:54 PM org.apache.oodt.cas.filemgr.system.XmlRpcFileManager loadConfiguration
INFO: Loading File Manager Configuration Properties from: [/Users/ohjihyun/drat/deploy/filemgr/etc/filemgr.properties]
May 19, 2015 9:58:54 PM org.apache.oodt.cas.filemgr.repository.XMLRepositoryManager loadProductTypes
FINE: XMLRepositoryManager: found product type: [GenericFile]
May 19, 2015 9:58:54 PM org.apache.oodt.cas.filemgr.repository.XMLRepositoryManager loadProductTypes
FINE: XMLRepositoryManager: found product type: [LocationAwareProduct]
May 19, 2015 9:58:54 PM org.apache.oodt.cas.filemgr.repository.XMLRepositoryManager loadProductTypes
FINE: XMLRepositoryManager: found product type: [TraceableFile]
May 19, 2015 9:58:54 PM org.apache.oodt.cas.filemgr.repository.XMLRepositoryManager loadProductTypes
FINE: XMLRepositoryManager: found product type: [RatLog]
May 19, 2015 9:58:54 PM org.apache.oodt.cas.filemgr.repository.XMLRepositoryManager loadProductTypes
FINE: XMLRepositoryManager: found product type: [RatAggregateLog]
May 19, 2015 9:58:54 PM org.apache.oodt.cas.filemgr.system.XmlRpcFileManagerClient <init>
INFO: Loading File Manager Configuration Properties from: [/Users/ohjihyun/drat/deploy/filemgr/etc/filemgr.properties]
May 19, 2015 9:58:54 PM org.apache.oodt.cas.filemgr.datatransfer.LocalDataTransferer setFileManagerUrl
INFO: Local Data Transfer to: [http://localhost:9000] enabled
May 19, 2015 9:58:54 PM org.apache.oodt.cas.filemgr.system.XmlRpcFileManager <init>
INFO: File Manager started by ohjihyun
May 19, 2015 9:59:07 PM org.apache.oodt.cas.filemgr.system.XmlRpcFileManager runExtractors
INFO: Running Met Extractor: [org.apache.oodt.cas.filemgr.metadata.extractors.CoreMetExtractor] for product type: [GenericFile]
May 19, 2015 9:59:07 PM org.apache.oodt.cas.filemgr.system.XmlRpcFileManager runExtractors
INFO: Running Met Extractor: [org.apache.oodt.cas.filemgr.metadata.extractors.examples.MimeTypeExtractor] for product type: [GenericFile]
May 19, 2015 9:59:07 PM org.apache.oodt.cas.filemgr.system.XmlRpcFileManager runExtractors
INFO: Running Met Extractor: [org.apache.oodt.cas.filemgr.metadata.extractors.examples.FinalFileLocationExtractor] for product type: [GenericFile]
May 19, 2015 9:59:07 PM org.apache.oodt.cas.filemgr.versioning.InPlaceVersioner createDataStoreReferences
INFO: in-place ingestion at datastore path: file:/Users/ohjihyun/Desktop/GeoSoft/Paleo_code/RegEM/imputation/.DS_Store.which is the same as the product's origin: file:/Users/ohjihyun/Desktop/GeoSoft/Paleo_code/RegEM/imputation/.DS_Store
May 19, 2015 9:59:07 PM org.apache.oodt.cas.filemgr.catalog.LuceneCatalog toDoc
WARNING: No Metadata specified for product [.DS_Store] for required field [DataVersion]: Attempting to continue processing metadata
May 19, 2015 9:59:07 PM org.apache.oodt.cas.filemgr.catalog.LuceneCatalog toDoc
WARNING: No Metadata specified for product [.DS_Store] for required field [DataVersion]: Attempting to continue processing metadata
May 19, 2015 9:59:07 PM org.apache.oodt.cas.filemgr.system.XmlRpcFileManager runExtractors
INFO: Running Met Extractor: [org.apache.oodt.cas.filemgr.metadata.extractors.CoreMetExtractor] for product type: [GenericFile]
May 19, 2015 9:59:07 PM org.apache.oodt.cas.filemgr.system.XmlRpcFileManager runExtractors
INFO: Running Met Extractor: [org.apache.oodt.cas.filemgr.metadata.extractors.examples.MimeTypeExtractor] for product type: [GenericFile]
May 19, 2015 9:59:07 PM org.apache.oodt.cas.filemgr.system.XmlRpcFileManager runExtractors
INFO: Running Met Extractor: [org.apache.oodt.cas.filemgr.metadata.extractors.examples.FinalFileLocationExtractor] for product type: [GenericFile]
May 19, 2015 9:59:07 PM org.apache.oodt.cas.filemgr.versioning.InPlaceVersioner createDataStoreReferences
INFO: in-place ingestion at datastore path: file:/Users/ohjihyun/Desktop/GeoSoft/Paleo_code/RegEM/imputation/center.m.which is the same as the product's origin: file:/Users/ohjihyun/Desktop/GeoSoft/Paleo_code/RegEM/imputation/center.m
May 19, 2015 9:59:07 PM org.apache.oodt.cas.filemgr.catalog.LuceneCatalog toDoc
WARNING: No Metadata specified for product [center.m] for required field [DataVersion]: Attempting to continue processing metadata
May 19, 2015 9:59:07 PM org.apache.oodt.cas.filemgr.catalog.LuceneCatalog toDoc
WARNING: No Metadata specified for product [center.m] for required field [DataVersion]: Attempting to continue processing metadata
May 19, 2015 9:59:07 PM org.apache.oodt.cas.filemgr.system.XmlRpcFileManager runExtractors
INFO: Running Met Extractor: [org.apache.oodt.cas.filemgr.metadata.extractors.CoreMetExtractor] for product type: [GenericFile]
May 19, 2015 9:59:07 PM org.apache.oodt.cas.filemgr.system.XmlRpcFileManager runExtractors
INFO: Running Met Extractor: [org.apache.oodt.cas.filemgr.metadata.extractors.examples.MimeTypeExtractor] for product type: [GenericFile]
May 19, 2015 9:59:07 PM org.apache.oodt.cas.filemgr.system.XmlRpcFileManager runExtractors
INFO: Running Met Extractor: [org.apache.oodt.cas.filemgr.metadata.extractors.examples.FinalFileLocationExtractor] for product type: [GenericFile]
May 19, 2015 9:59:07 PM org.apache.oodt.cas.filemgr.versioning.InPlaceVersioner createDataStoreReferences
INFO: in-place ingestion at datastore path: file:/Users/ohjihyun/Desktop/GeoSoft/Paleo_code/RegEM/imputation/CHANGES.which is the same as the product's origin: file:/Users/ohjihyun/Desktop/GeoSoft/Paleo_code/RegEM/imputation/CHANGES
May 19, 2015 9:59:07 PM org.apache.oodt.cas.filemgr.catalog.LuceneCatalog toDoc
WARNING: No Metadata specified for product [CHANGES] for required field [DataVersion]: Attempting to continue processing metadata
May 19, 2015 9:59:07 PM org.apache.oodt.cas.filemgr.catalog.LuceneCatalog toDoc
WARNING: No Metadata specified for product [CHANGES] for required field [DataVersion]: Attempting to continue processing metadata
May 19, 2015 9:59:07 PM org.apache.oodt.cas.filemgr.system.XmlRpcFileManager runExtractors
INFO: Running Met Extractor: [org.apache.oodt.cas.filemgr.metadata.extractors.CoreMetExtractor] for product type: [GenericFile]
May 19, 2015 9:59:07 PM org.apache.oodt.cas.filemgr.system.XmlRpcFileManager runExtractors
INFO: Running Met Extractor: [org.apache.oodt.cas.filemgr.metadata.extractors.examples.MimeTypeExtractor] for product type: [GenericFile]
May 19, 2015 9:59:07 PM org.apache.oodt.cas.filemgr.system.XmlRpcFileManager runExtractors
INFO: Running Met Extractor: [org.apache.oodt.cas.filemgr.metadata.extractors.examples.FinalFileLocationExtractor] for product type: [GenericFile]
May 19, 2015 9:59:07 PM org.apache.oodt.cas.filemgr.versioning.InPlaceVersioner createDataStoreReferences
INFO: in-place ingestion at datastore path: file:/Users/ohjihyun/Desktop/GeoSoft/Paleo_code/RegEM/imputation/gcvfctn.m.which is the same as the product's origin: file:/Users/ohjihyun/Desktop/GeoSoft/Paleo_code/RegEM/imputation/gcvfctn.m
May 19, 2015 9:59:07 PM org.apache.oodt.cas.filemgr.catalog.LuceneCatalog toDoc
WARNING: No Metadata specified for product [gcvfctn.m] for required field [DataVersion]: Attempting to continue processing metadata
May 19, 2015 9:59:07 PM org.apache.oodt.cas.filemgr.catalog.LuceneCatalog toDoc
WARNING: No Metadata specified for product [gcvfctn.m] for required field [DataVersion]: Attempting to continue processing metadata
May 19, 2015 9:59:07 PM org.apache.oodt.cas.filemgr.system.XmlRpcFileManager runExtractors
INFO: Running Met Extractor: [org.apache.oodt.cas.filemgr.metadata.extractors.CoreMetExtractor] for product type: [GenericFile]
May 19, 2015 9:59:07 PM org.apache.oodt.cas.filemgr.system.XmlRpcFileManager runExtractors
INFO: Running Met Extractor: [org.apache.oodt.cas.filemgr.metadata.extractors.examples.MimeTypeExtractor] for product type: [GenericFile]
May 19, 2015 9:59:07 PM org.apache.oodt.cas.filemgr.system.XmlRpcFileManager runExtractors
INFO: Running Met Extractor: [org.apache.oodt.cas.filemgr.metadata.extractors.examples.FinalFileLocationExtractor] for product type: [GenericFile]
May 19, 2015 9:59:07 PM org.apache.oodt.cas.filemgr.versioning.InPlaceVersioner createDataStoreReferences
INFO: in-place ingestion at datastore path: file:/Users/ohjihyun/Desktop/GeoSoft/Paleo_code/RegEM/imputation/gcvridge.m.which is the same as the product's origin: file:/Users/ohjihyun/Desktop/GeoSoft/Paleo_code/RegEM/imputation/gcvridge.m
May 19, 2015 9:59:07 PM org.apache.oodt.cas.filemgr.catalog.LuceneCatalog toDoc
WARNING: No Metadata specified for product [gcvridge.m] for required field [DataVersion]: Attempting to continue processing metadata
May 19, 2015 9:59:07 PM org.apache.oodt.cas.filemgr.catalog.LuceneCatalog toDoc
WARNING: No Metadata specified for product [gcvridge.m] for required field [DataVersion]: Attempting to continue processing metadata
May 19, 2015 9:59:07 PM org.apache.oodt.cas.filemgr.system.XmlRpcFileManager runExtractors
INFO: Running Met Extractor: [org.apache.oodt.cas.filemgr.metadata.extractors.CoreMetExtractor] for product type: [GenericFile]
May 19, 2015 9:59:07 PM org.apache.oodt.cas.filemgr.system.XmlRpcFileManager runExtractors
INFO: Running Met Extractor: [org.apache.oodt.cas.filemgr.metadata.extractors.examples.MimeTypeExtractor] for product type: [GenericFile]
May 19, 2015 9:59:07 PM org.apache.oodt.cas.filemgr.system.XmlRpcFileManager runExtractors
INFO: Running Met Extractor: [org.apache.oodt.cas.filemgr.metadata.extractors.examples.FinalFileLocationExtractor] for product type: [GenericFile]
May 19, 2015 9:59:07 PM org.apache.oodt.cas.filemgr.versioning.InPlaceVersioner createDataStoreReferences
INFO: in-place ingestion at datastore path: file:/Users/ohjihyun/Desktop/GeoSoft/Paleo_code/RegEM/imputation/index.html.which is the same as the product's origin: file:/Users/ohjihyun/Desktop/GeoSoft/Paleo_code/RegEM/imputation/index.html
May 19, 2015 9:59:07 PM org.apache.oodt.cas.filemgr.catalog.LuceneCatalog toDoc
WARNING: No Metadata specified for product [index.html] for required field [DataVersion]: Attempting to continue processing metadata
May 19, 2015 9:59:07 PM org.apache.oodt.cas.filemgr.catalog.LuceneCatalog toDoc
WARNING: No Metadata specified for product [index.html] for required field [DataVersion]: Attempting to continue processing metadata
May 19, 2015 9:59:07 PM org.apache.oodt.cas.filemgr.system.XmlRpcFileManager runExtractors
INFO: Running Met Extractor: [org.apache.oodt.cas.filemgr.metadata.extractors.CoreMetExtractor] for product type: [GenericFile]
May 19, 2015 9:59:07 PM org.apache.oodt.cas.filemgr.system.XmlRpcFileManager runExtractors
INFO: Running Met Extractor: [org.apache.oodt.cas.filemgr.metadata.extractors.examples.MimeTypeExtractor] for product type: [GenericFile]
May 19, 2015 9:59:07 PM org.apache.oodt.cas.filemgr.system.XmlRpcFileManager runExtractors
INFO: Running Met Extractor: [org.apache.oodt.cas.filemgr.metadata.extractors.examples.FinalFileLocationExtractor] for product type: [GenericFile]
May 19, 2015 9:59:07 PM org.apache.oodt.cas.filemgr.versioning.InPlaceVersioner createDataStoreReferences
INFO: in-place ingestion at datastore path: file:/Users/ohjihyun/Desktop/GeoSoft/Paleo_code/RegEM/imputation/iridge.m.which is the same as the product's origin: file:/Users/ohjihyun/Desktop/GeoSoft/Paleo_code/RegEM/imputation/iridge.m
May 19, 2015 9:59:07 PM org.apache.oodt.cas.filemgr.catalog.LuceneCatalog toDoc
WARNING: No Metadata specified for product [iridge.m] for required field [DataVersion]: Attempting to continue processing metadata
May 19, 2015 9:59:07 PM org.apache.oodt.cas.filemgr.catalog.LuceneCatalog toDoc
WARNING: No Metadata specified for product [iridge.m] for required field [DataVersion]: Attempting to continue processing metadata
May 19, 2015 9:59:07 PM org.apache.oodt.cas.filemgr.system.XmlRpcFileManager runExtractors
INFO: Running Met Extractor: [org.apache.oodt.cas.filemgr.metadata.extractors.CoreMetExtractor] for product type: [GenericFile]
